!SESSION 2017-06-27 11:49:42.282 -----------------------------------------------
eclipse.buildId=4.4.0.I20140606-1215
java.version=1.8.0_121
java.vendor=Oracle Corporation
BootLoader constants: OS=win32, ARCH=x86_64, WS=win32, NL=en_US
Framework arguments:  -product org.eclipse.epp.package.standard.product
Command-line arguments:  -os win32 -ws win32 -arch x86_64 -product org.eclipse.epp.package.standard.product

This is a continuation of log file C:\gitHubAppTest\.metadata\.bak_0.log
Created Time: 2017-06-27 12:00:40.078

!ENTRY org.eclipse.jdt.junit.core 4 4 2017-06-27 12:00:40.087
!MESSAGE Error
!STACK 0
java.lang.Exception: Unexpected TestElement type for testId '8': TestSuite: Scenario: As a user I navigate from homepage to details page : Not Started - Undefined (3)
	at org.eclipse.jdt.internal.junit.model.TestRunSession$TestSessionNotifier.logUnexpectedTest(TestRunSession.java:737)
	at org.eclipse.jdt.internal.junit.model.TestRunSession$TestSessionNotifier.testStarted(TestRunSession.java:641)
	at org.eclipse.jdt.internal.junit.model.RemoteTestRunnerClient$5.run(RemoteTestRunnerClient.java:535)
	at org.eclipse.core.runtime.SafeRunner.run(SafeRunner.java:42)
	at org.eclipse.jdt.internal.junit.model.RemoteTestRunnerClient.notifyTestStarted(RemoteTestRunnerClient.java:532)
	at org.eclipse.jdt.internal.junit.model.RemoteTestRunnerClient.access$6(RemoteTestRunnerClient.java:527)
	at org.eclipse.jdt.internal.junit.model.RemoteTestRunnerClient$DefaultProcessingState.readMessage(RemoteTestRunnerClient.java:87)
	at org.eclipse.jdt.internal.junit.model.RemoteTestRunnerClient.receiveMessage(RemoteTestRunnerClient.java:375)
	at org.eclipse.jdt.internal.junit.model.RemoteTestRunnerClient.access$27(RemoteTestRunnerClient.java:374)
	at org.eclipse.jdt.internal.junit.model.RemoteTestRunnerClient$ServerConnection.run(RemoteTestRunnerClient.java:272)

!ENTRY org.eclipse.jdt.junit.core 4 4 2017-06-27 12:00:58.444
!MESSAGE Error
!STACK 0
java.lang.Exception: Unexpected TestElement type for testId '8': TestSuite: Scenario: As a user I navigate from homepage to details page : Completed - OK (3)
	at org.eclipse.jdt.internal.junit.model.TestRunSession$TestSessionNotifier.logUnexpectedTest(TestRunSession.java:737)
	at org.eclipse.jdt.internal.junit.model.TestRunSession$TestSessionNotifier.testEnded(TestRunSession.java:667)
	at org.eclipse.jdt.internal.junit.model.RemoteTestRunnerClient$4.run(RemoteTestRunnerClient.java:521)
	at org.eclipse.core.runtime.SafeRunner.run(SafeRunner.java:42)
	at org.eclipse.jdt.internal.junit.model.RemoteTestRunnerClient.notifyTestEnded(RemoteTestRunnerClient.java:518)
	at org.eclipse.jdt.internal.junit.model.RemoteTestRunnerClient.access$7(RemoteTestRunnerClient.java:513)
	at org.eclipse.jdt.internal.junit.model.RemoteTestRunnerClient$DefaultProcessingState.readMessage(RemoteTestRunnerClient.java:91)
	at org.eclipse.jdt.internal.junit.model.RemoteTestRunnerClient.receiveMessage(RemoteTestRunnerClient.java:375)
	at org.eclipse.jdt.internal.junit.model.RemoteTestRunnerClient.access$27(RemoteTestRunnerClient.java:374)
	at org.eclipse.jdt.internal.junit.model.RemoteTestRunnerClient$ServerConnection.run(RemoteTestRunnerClient.java:272)

!ENTRY org.eclipse.jdt.junit.core 4 4 2017-06-27 12:02:07.680
!MESSAGE Error
!STACK 0
java.lang.Exception: Unexpected TestElement type for testId '3': TestSuite: Scenario: As a user I launch ustwo sample app : Not Started - Undefined (3)
	at org.eclipse.jdt.internal.junit.model.TestRunSession$TestSessionNotifier.logUnexpectedTest(TestRunSession.java:737)
	at org.eclipse.jdt.internal.junit.model.TestRunSession$TestSessionNotifier.testStarted(TestRunSession.java:641)
	at org.eclipse.jdt.internal.junit.model.RemoteTestRunnerClient$5.run(RemoteTestRunnerClient.java:535)
	at org.eclipse.core.runtime.SafeRunner.run(SafeRunner.java:42)
	at org.eclipse.jdt.internal.junit.model.RemoteTestRunnerClient.notifyTestStarted(RemoteTestRunnerClient.java:532)
	at org.eclipse.jdt.internal.junit.model.RemoteTestRunnerClient.access$6(RemoteTestRunnerClient.java:527)
	at org.eclipse.jdt.internal.junit.model.RemoteTestRunnerClient$DefaultProcessingState.readMessage(RemoteTestRunnerClient.java:87)
	at org.eclipse.jdt.internal.junit.model.RemoteTestRunnerClient.receiveMessage(RemoteTestRunnerClient.java:375)
	at org.eclipse.jdt.internal.junit.model.RemoteTestRunnerClient.access$27(RemoteTestRunnerClient.java:374)
	at org.eclipse.jdt.internal.junit.model.RemoteTestRunnerClient$ServerConnection.run(RemoteTestRunnerClient.java:272)

!ENTRY org.eclipse.jdt.junit.core 4 4 2017-06-27 12:02:35.439
!MESSAGE Error
!STACK 0
java.lang.Exception: Unexpected TestElement type for testId '3': TestSuite: Scenario: As a user I launch ustwo sample app : Completed - OK (3)
	at org.eclipse.jdt.internal.junit.model.TestRunSession$TestSessionNotifier.logUnexpectedTest(TestRunSession.java:737)
	at org.eclipse.jdt.internal.junit.model.TestRunSession$TestSessionNotifier.testEnded(TestRunSession.java:667)
	at org.eclipse.jdt.internal.junit.model.RemoteTestRunnerClient$4.run(RemoteTestRunnerClient.java:521)
	at org.eclipse.core.runtime.SafeRunner.run(SafeRunner.java:42)
	at org.eclipse.jdt.internal.junit.model.RemoteTestRunnerClient.notifyTestEnded(RemoteTestRunnerClient.java:518)
	at org.eclipse.jdt.internal.junit.model.RemoteTestRunnerClient.access$7(RemoteTestRunnerClient.java:513)
	at org.eclipse.jdt.internal.junit.model.RemoteTestRunnerClient$DefaultProcessingState.readMessage(RemoteTestRunnerClient.java:91)
	at org.eclipse.jdt.internal.junit.model.RemoteTestRunnerClient.receiveMessage(RemoteTestRunnerClient.java:375)
	at org.eclipse.jdt.internal.junit.model.RemoteTestRunnerClient.access$27(RemoteTestRunnerClient.java:374)
	at org.eclipse.jdt.internal.junit.model.RemoteTestRunnerClient$ServerConnection.run(RemoteTestRunnerClient.java:272)

!ENTRY org.eclipse.jdt.junit.core 4 4 2017-06-27 12:02:35.472
!MESSAGE Error
!STACK 0
java.lang.Exception: Unexpected TestElement type for testId '8': TestSuite: Scenario: As a user I navigate from homepage to details page : Not Started - Undefined (3)
	at org.eclipse.jdt.internal.junit.model.TestRunSession$TestSessionNotifier.logUnexpectedTest(TestRunSession.java:737)
	at org.eclipse.jdt.internal.junit.model.TestRunSession$TestSessionNotifier.testStarted(TestRunSession.java:641)
	at org.eclipse.jdt.internal.junit.model.RemoteTestRunnerClient$5.run(RemoteTestRunnerClient.java:535)
	at org.eclipse.core.runtime.SafeRunner.run(SafeRunner.java:42)
	at org.eclipse.jdt.internal.junit.model.RemoteTestRunnerClient.notifyTestStarted(RemoteTestRunnerClient.java:532)
	at org.eclipse.jdt.internal.junit.model.RemoteTestRunnerClient.access$6(RemoteTestRunnerClient.java:527)
	at org.eclipse.jdt.internal.junit.model.RemoteTestRunnerClient$DefaultProcessingState.readMessage(RemoteTestRunnerClient.java:87)
	at org.eclipse.jdt.internal.junit.model.RemoteTestRunnerClient.receiveMessage(RemoteTestRunnerClient.java:375)
	at org.eclipse.jdt.internal.junit.model.RemoteTestRunnerClient.access$27(RemoteTestRunnerClient.java:374)
	at org.eclipse.jdt.internal.junit.model.RemoteTestRunnerClient$ServerConnection.run(RemoteTestRunnerClient.java:272)

!ENTRY org.eclipse.jdt.junit.core 4 4 2017-06-27 12:02:52.941
!MESSAGE Error
!STACK 0
java.lang.Exception: Unexpected TestElement type for testId '8': TestSuite: Scenario: As a user I navigate from homepage to details page : Completed - OK (3)
	at org.eclipse.jdt.internal.junit.model.TestRunSession$TestSessionNotifier.logUnexpectedTest(TestRunSession.java:737)
	at org.eclipse.jdt.internal.junit.model.TestRunSession$TestSessionNotifier.testEnded(TestRunSession.java:667)
	at org.eclipse.jdt.internal.junit.model.RemoteTestRunnerClient$4.run(RemoteTestRunnerClient.java:521)
	at org.eclipse.core.runtime.SafeRunner.run(SafeRunner.java:42)
	at org.eclipse.jdt.internal.junit.model.RemoteTestRunnerClient.notifyTestEnded(RemoteTestRunnerClient.java:518)
	at org.eclipse.jdt.internal.junit.model.RemoteTestRunnerClient.access$7(RemoteTestRunnerClient.java:513)
	at org.eclipse.jdt.internal.junit.model.RemoteTestRunnerClient$DefaultProcessingState.readMessage(RemoteTestRunnerClient.java:91)
	at org.eclipse.jdt.internal.junit.model.RemoteTestRunnerClient.receiveMessage(RemoteTestRunnerClient.java:375)
	at org.eclipse.jdt.internal.junit.model.RemoteTestRunnerClient.access$27(RemoteTestRunnerClient.java:374)
	at org.eclipse.jdt.internal.junit.model.RemoteTestRunnerClient$ServerConnection.run(RemoteTestRunnerClient.java:272)

!ENTRY org.eclipse.ui 4 0 2017-06-27 12:04:42.141
!MESSAGE Unhandled event loop exception
!STACK 0
java.lang.ClassCastException: org.eclipse.e4.ui.model.application.ui.basic.impl.PartImpl cannot be cast to org.eclipse.e4.ui.model.application.ui.MElementContainer
	at org.eclipse.e4.ui.workbench.addons.minmax.TrimStack.showStack(TrimStack.java:1008)
	at org.eclipse.e4.ui.workbench.addons.minmax.TrimStack$9.widgetSelected(TrimStack.java:509)
	at org.eclipse.swt.widgets.TypedListener.handleEvent(TypedListener.java:248)
	at org.eclipse.swt.widgets.EventTable.sendEvent(EventTable.java:84)
	at org.eclipse.swt.widgets.Display.sendEvent(Display.java:4353)
	at org.eclipse.swt.widgets.Widget.sendEvent(Widget.java:1061)
	at org.eclipse.swt.widgets.Display.runDeferredEvents(Display.java:4172)
	at org.eclipse.swt.widgets.Display.readAndDispatch(Display.java:3761)
	at org.eclipse.e4.ui.internal.workbench.swt.PartRenderingEngine$9.run(PartRenderingEngine.java:1151)
	at org.eclipse.core.databinding.observable.Realm.runWithDefault(Realm.java:332)
	at org.eclipse.e4.ui.internal.workbench.swt.PartRenderingEngine.run(PartRenderingEngine.java:1032)
	at org.eclipse.e4.ui.internal.workbench.E4Workbench.createAndRunUI(E4Workbench.java:148)
	at org.eclipse.ui.internal.Workbench$5.run(Workbench.java:636)
	at org.eclipse.core.databinding.observable.Realm.runWithDefault(Realm.java:332)
	at org.eclipse.ui.internal.Workbench.createAndRunWorkbench(Workbench.java:579)
	at org.eclipse.ui.PlatformUI.createAndRunWorkbench(PlatformUI.java:150)
	at org.eclipse.ui.internal.ide.application.IDEApplication.start(IDEApplication.java:135)
	at org.eclipse.equinox.internal.app.EclipseAppHandle.run(EclipseAppHandle.java:196)
	at org.eclipse.core.runtime.internal.adaptor.EclipseAppLauncher.runApplication(EclipseAppLauncher.java:134)
	at org.eclipse.core.runtime.internal.adaptor.EclipseAppLauncher.start(EclipseAppLauncher.java:104)
	at org.eclipse.core.runtime.adaptor.EclipseStarter.run(EclipseStarter.java:382)
	at org.eclipse.core.runtime.adaptor.EclipseStarter.run(EclipseStarter.java:236)
	at sun.reflect.NativeMethodAccessorImpl.invoke0(Native Method)
	at sun.reflect.NativeMethodAccessorImpl.invoke(NativeMethodAccessorImpl.java:62)
	at sun.reflect.DelegatingMethodAccessorImpl.invoke(DelegatingMethodAccessorImpl.java:43)
	at java.lang.reflect.Method.invoke(Method.java:498)
	at org.eclipse.equinox.launcher.Main.invokeFramework(Main.java:648)
	at org.eclipse.equinox.launcher.Main.basicRun(Main.java:603)
	at org.eclipse.equinox.launcher.Main.run(Main.java:1465)

!ENTRY org.eclipse.ui 4 0 2017-06-27 12:04:57.614
!MESSAGE Unhandled event loop exception
!STACK 0
java.lang.ClassCastException: org.eclipse.e4.ui.model.application.ui.basic.impl.PartImpl cannot be cast to org.eclipse.e4.ui.model.application.ui.MElementContainer
	at org.eclipse.e4.ui.workbench.addons.minmax.TrimStack.showStack(TrimStack.java:1008)
	at org.eclipse.e4.ui.workbench.addons.minmax.TrimStack$9.widgetSelected(TrimStack.java:509)
	at org.eclipse.swt.widgets.TypedListener.handleEvent(TypedListener.java:248)
	at org.eclipse.swt.widgets.EventTable.sendEvent(EventTable.java:84)
	at org.eclipse.swt.widgets.Display.sendEvent(Display.java:4353)
	at org.eclipse.swt.widgets.Widget.sendEvent(Widget.java:1061)
	at org.eclipse.swt.widgets.Display.runDeferredEvents(Display.java:4172)
	at org.eclipse.swt.widgets.Display.readAndDispatch(Display.java:3761)
	at org.eclipse.e4.ui.internal.workbench.swt.PartRenderingEngine$9.run(PartRenderingEngine.java:1151)
	at org.eclipse.core.databinding.observable.Realm.runWithDefault(Realm.java:332)
	at org.eclipse.e4.ui.internal.workbench.swt.PartRenderingEngine.run(PartRenderingEngine.java:1032)
	at org.eclipse.e4.ui.internal.workbench.E4Workbench.createAndRunUI(E4Workbench.java:148)
	at org.eclipse.ui.internal.Workbench$5.run(Workbench.java:636)
	at org.eclipse.core.databinding.observable.Realm.runWithDefault(Realm.java:332)
	at org.eclipse.ui.internal.Workbench.createAndRunWorkbench(Workbench.java:579)
	at org.eclipse.ui.PlatformUI.createAndRunWorkbench(PlatformUI.java:150)
	at org.eclipse.ui.internal.ide.application.IDEApplication.start(IDEApplication.java:135)
	at org.eclipse.equinox.internal.app.EclipseAppHandle.run(EclipseAppHandle.java:196)
	at org.eclipse.core.runtime.internal.adaptor.EclipseAppLauncher.runApplication(EclipseAppLauncher.java:134)
	at org.eclipse.core.runtime.internal.adaptor.EclipseAppLauncher.start(EclipseAppLauncher.java:104)
	at org.eclipse.core.runtime.adaptor.EclipseStarter.run(EclipseStarter.java:382)
	at org.eclipse.core.runtime.adaptor.EclipseStarter.run(EclipseStarter.java:236)
	at sun.reflect.NativeMethodAccessorImpl.invoke0(Native Method)
	at sun.reflect.NativeMethodAccessorImpl.invoke(NativeMethodAccessorImpl.java:62)
	at sun.reflect.DelegatingMethodAccessorImpl.invoke(DelegatingMethodAccessorImpl.java:43)
	at java.lang.reflect.Method.invoke(Method.java:498)
	at org.eclipse.equinox.launcher.Main.invokeFramework(Main.java:648)
	at org.eclipse.equinox.launcher.Main.basicRun(Main.java:603)
	at org.eclipse.equinox.launcher.Main.run(Main.java:1465)

!ENTRY org.eclipse.jdt.junit.core 4 4 2017-06-27 12:10:46.164
!MESSAGE Error
!STACK 0
java.lang.Exception: Unexpected TestElement type for testId '3': TestSuite: Scenario: As a user I launch ustwo sample app : Not Started - Undefined (3)
	at org.eclipse.jdt.internal.junit.model.TestRunSession$TestSessionNotifier.logUnexpectedTest(TestRunSession.java:737)
	at org.eclipse.jdt.internal.junit.model.TestRunSession$TestSessionNotifier.testStarted(TestRunSession.java:641)
	at org.eclipse.jdt.internal.junit.model.RemoteTestRunnerClient$5.run(RemoteTestRunnerClient.java:535)
	at org.eclipse.core.runtime.SafeRunner.run(SafeRunner.java:42)
	at org.eclipse.jdt.internal.junit.model.RemoteTestRunnerClient.notifyTestStarted(RemoteTestRunnerClient.java:532)
	at org.eclipse.jdt.internal.junit.model.RemoteTestRunnerClient.access$6(RemoteTestRunnerClient.java:527)
	at org.eclipse.jdt.internal.junit.model.RemoteTestRunnerClient$DefaultProcessingState.readMessage(RemoteTestRunnerClient.java:87)
	at org.eclipse.jdt.internal.junit.model.RemoteTestRunnerClient.receiveMessage(RemoteTestRunnerClient.java:375)
	at org.eclipse.jdt.internal.junit.model.RemoteTestRunnerClient.access$27(RemoteTestRunnerClient.java:374)
	at org.eclipse.jdt.internal.junit.model.RemoteTestRunnerClient$ServerConnection.run(RemoteTestRunnerClient.java:272)

!ENTRY org.eclipse.jdt.junit.core 4 4 2017-06-27 12:11:04.830
!MESSAGE Error
!STACK 0
java.lang.Exception: Unexpected TestElement type for testId '3': TestSuite: Scenario: As a user I launch ustwo sample app : Completed - OK (3)
	at org.eclipse.jdt.internal.junit.model.TestRunSession$TestSessionNotifier.logUnexpectedTest(TestRunSession.java:737)
	at org.eclipse.jdt.internal.junit.model.TestRunSession$TestSessionNotifier.testEnded(TestRunSession.java:667)
	at org.eclipse.jdt.internal.junit.model.RemoteTestRunnerClient$4.run(RemoteTestRunnerClient.java:521)
	at org.eclipse.core.runtime.SafeRunner.run(SafeRunner.java:42)
	at org.eclipse.jdt.internal.junit.model.RemoteTestRunnerClient.notifyTestEnded(RemoteTestRunnerClient.java:518)
	at org.eclipse.jdt.internal.junit.model.RemoteTestRunnerClient.access$7(RemoteTestRunnerClient.java:513)
	at org.eclipse.jdt.internal.junit.model.RemoteTestRunnerClient$DefaultProcessingState.readMessage(RemoteTestRunnerClient.java:91)
	at org.eclipse.jdt.internal.junit.model.RemoteTestRunnerClient.receiveMessage(RemoteTestRunnerClient.java:375)
	at org.eclipse.jdt.internal.junit.model.RemoteTestRunnerClient.access$27(RemoteTestRunnerClient.java:374)
	at org.eclipse.jdt.internal.junit.model.RemoteTestRunnerClient$ServerConnection.run(RemoteTestRunnerClient.java:272)

!ENTRY org.eclipse.jdt.junit.core 4 4 2017-06-27 12:11:04.846
!MESSAGE Error
!STACK 0
java.lang.Exception: Unexpected TestElement type for testId '8': TestSuite: Scenario: As a user I navigate from homepage to details page : Not Started - Undefined (3)
	at org.eclipse.jdt.internal.junit.model.TestRunSession$TestSessionNotifier.logUnexpectedTest(TestRunSession.java:737)
	at org.eclipse.jdt.internal.junit.model.TestRunSession$TestSessionNotifier.testStarted(TestRunSession.java:641)
	at org.eclipse.jdt.internal.junit.model.RemoteTestRunnerClient$5.run(RemoteTestRunnerClient.java:535)
	at org.eclipse.core.runtime.SafeRunner.run(SafeRunner.java:42)
	at org.eclipse.jdt.internal.junit.model.RemoteTestRunnerClient.notifyTestStarted(RemoteTestRunnerClient.java:532)
	at org.eclipse.jdt.internal.junit.model.RemoteTestRunnerClient.access$6(RemoteTestRunnerClient.java:527)
	at org.eclipse.jdt.internal.junit.model.RemoteTestRunnerClient$DefaultProcessingState.readMessage(RemoteTestRunnerClient.java:87)
	at org.eclipse.jdt.internal.junit.model.RemoteTestRunnerClient.receiveMessage(RemoteTestRunnerClient.java:375)
	at org.eclipse.jdt.internal.junit.model.RemoteTestRunnerClient.access$27(RemoteTestRunnerClient.java:374)
	at org.eclipse.jdt.internal.junit.model.RemoteTestRunnerClient$ServerConnection.run(RemoteTestRunnerClient.java:272)

!ENTRY org.eclipse.jdt.junit.core 4 4 2017-06-27 12:11:29.841
!MESSAGE Error
!STACK 0
java.lang.Exception: Unexpected TestElement type for testId '8': TestSuite: Scenario: As a user I navigate from homepage to details page : Completed - OK (3)
	at org.eclipse.jdt.internal.junit.model.TestRunSession$TestSessionNotifier.logUnexpectedTest(TestRunSession.java:737)
	at org.eclipse.jdt.internal.junit.model.TestRunSession$TestSessionNotifier.testEnded(TestRunSession.java:667)
	at org.eclipse.jdt.internal.junit.model.RemoteTestRunnerClient$4.run(RemoteTestRunnerClient.java:521)
	at org.eclipse.core.runtime.SafeRunner.run(SafeRunner.java:42)
	at org.eclipse.jdt.internal.junit.model.RemoteTestRunnerClient.notifyTestEnded(RemoteTestRunnerClient.java:518)
	at org.eclipse.jdt.internal.junit.model.RemoteTestRunnerClient.access$7(RemoteTestRunnerClient.java:513)
	at org.eclipse.jdt.internal.junit.model.RemoteTestRunnerClient$DefaultProcessingState.readMessage(RemoteTestRunnerClient.java:91)
	at org.eclipse.jdt.internal.junit.model.RemoteTestRunnerClient.receiveMessage(RemoteTestRunnerClient.java:375)
	at org.eclipse.jdt.internal.junit.model.RemoteTestRunnerClient.access$27(RemoteTestRunnerClient.java:374)
	at org.eclipse.jdt.internal.junit.model.RemoteTestRunnerClient$ServerConnection.run(RemoteTestRunnerClient.java:272)

!ENTRY org.eclipse.jdt.junit.core 4 4 2017-06-27 12:12:46.950
!MESSAGE Error
!STACK 0
java.lang.Exception: Unexpected TestElement type for testId '3': TestSuite: Scenario: As a user I launch ustwo sample app : Not Started - Undefined (3)
	at org.eclipse.jdt.internal.junit.model.TestRunSession$TestSessionNotifier.logUnexpectedTest(TestRunSession.java:737)
	at org.eclipse.jdt.internal.junit.model.TestRunSession$TestSessionNotifier.testStarted(TestRunSession.java:641)
	at org.eclipse.jdt.internal.junit.model.RemoteTestRunnerClient$5.run(RemoteTestRunnerClient.java:535)
	at org.eclipse.core.runtime.SafeRunner.run(SafeRunner.java:42)
	at org.eclipse.jdt.internal.junit.model.RemoteTestRunnerClient.notifyTestStarted(RemoteTestRunnerClient.java:532)
	at org.eclipse.jdt.internal.junit.model.RemoteTestRunnerClient.access$6(RemoteTestRunnerClient.java:527)
	at org.eclipse.jdt.internal.junit.model.RemoteTestRunnerClient$DefaultProcessingState.readMessage(RemoteTestRunnerClient.java:87)
	at org.eclipse.jdt.internal.junit.model.RemoteTestRunnerClient.receiveMessage(RemoteTestRunnerClient.java:375)
	at org.eclipse.jdt.internal.junit.model.RemoteTestRunnerClient.access$27(RemoteTestRunnerClient.java:374)
	at org.eclipse.jdt.internal.junit.model.RemoteTestRunnerClient$ServerConnection.run(RemoteTestRunnerClient.java:272)

!ENTRY org.eclipse.jdt.junit.core 4 4 2017-06-27 12:13:15.845
!MESSAGE Error
!STACK 0
java.lang.Exception: Unexpected TestElement type for testId '3': TestSuite: Scenario: As a user I launch ustwo sample app : Completed - OK (3)
	at org.eclipse.jdt.internal.junit.model.TestRunSession$TestSessionNotifier.logUnexpectedTest(TestRunSession.java:737)
	at org.eclipse.jdt.internal.junit.model.TestRunSession$TestSessionNotifier.testEnded(TestRunSession.java:667)
	at org.eclipse.jdt.internal.junit.model.RemoteTestRunnerClient$4.run(RemoteTestRunnerClient.java:521)
	at org.eclipse.core.runtime.SafeRunner.run(SafeRunner.java:42)
	at org.eclipse.jdt.internal.junit.model.RemoteTestRunnerClient.notifyTestEnded(RemoteTestRunnerClient.java:518)
	at org.eclipse.jdt.internal.junit.model.RemoteTestRunnerClient.access$7(RemoteTestRunnerClient.java:513)
	at org.eclipse.jdt.internal.junit.model.RemoteTestRunnerClient$DefaultProcessingState.readMessage(RemoteTestRunnerClient.java:91)
	at org.eclipse.jdt.internal.junit.model.RemoteTestRunnerClient.receiveMessage(RemoteTestRunnerClient.java:375)
	at org.eclipse.jdt.internal.junit.model.RemoteTestRunnerClient.access$27(RemoteTestRunnerClient.java:374)
	at org.eclipse.jdt.internal.junit.model.RemoteTestRunnerClient$ServerConnection.run(RemoteTestRunnerClient.java:272)

!ENTRY org.eclipse.jdt.junit.core 4 4 2017-06-27 12:13:15.861
!MESSAGE Error
!STACK 0
java.lang.Exception: Unexpected TestElement type for testId '8': TestSuite: Scenario: As a user I navigate from homepage to details page : Not Started - Undefined (3)
	at org.eclipse.jdt.internal.junit.model.TestRunSession$TestSessionNotifier.logUnexpectedTest(TestRunSession.java:737)
	at org.eclipse.jdt.internal.junit.model.TestRunSession$TestSessionNotifier.testStarted(TestRunSession.java:641)
	at org.eclipse.jdt.internal.junit.model.RemoteTestRunnerClient$5.run(RemoteTestRunnerClient.java:535)
	at org.eclipse.core.runtime.SafeRunner.run(SafeRunner.java:42)
	at org.eclipse.jdt.internal.junit.model.RemoteTestRunnerClient.notifyTestStarted(RemoteTestRunnerClient.java:532)
	at org.eclipse.jdt.internal.junit.model.RemoteTestRunnerClient.access$6(RemoteTestRunnerClient.java:527)
	at org.eclipse.jdt.internal.junit.model.RemoteTestRunnerClient$DefaultProcessingState.readMessage(RemoteTestRunnerClient.java:87)
	at org.eclipse.jdt.internal.junit.model.RemoteTestRunnerClient.receiveMessage(RemoteTestRunnerClient.java:375)
	at org.eclipse.jdt.internal.junit.model.RemoteTestRunnerClient.access$27(RemoteTestRunnerClient.java:374)
	at org.eclipse.jdt.internal.junit.model.RemoteTestRunnerClient$ServerConnection.run(RemoteTestRunnerClient.java:272)

!ENTRY org.eclipse.jdt.junit.core 4 4 2017-06-27 12:13:17.722
!MESSAGE Error
!STACK 0
java.lang.Exception: Unexpected TestElement type for testId '3': TestSuite: Scenario: As a user I launch ustwo sample app : Not Started - Undefined (3)
	at org.eclipse.jdt.internal.junit.model.TestRunSession$TestSessionNotifier.logUnexpectedTest(TestRunSession.java:737)
	at org.eclipse.jdt.internal.junit.model.TestRunSession$TestSessionNotifier.testStarted(TestRunSession.java:641)
	at org.eclipse.jdt.internal.junit.model.RemoteTestRunnerClient$5.run(RemoteTestRunnerClient.java:535)
	at org.eclipse.core.runtime.SafeRunner.run(SafeRunner.java:42)
	at org.eclipse.jdt.internal.junit.model.RemoteTestRunnerClient.notifyTestStarted(RemoteTestRunnerClient.java:532)
	at org.eclipse.jdt.internal.junit.model.RemoteTestRunnerClient.access$6(RemoteTestRunnerClient.java:527)
	at org.eclipse.jdt.internal.junit.model.RemoteTestRunnerClient$DefaultProcessingState.readMessage(RemoteTestRunnerClient.java:87)
	at org.eclipse.jdt.internal.junit.model.RemoteTestRunnerClient.receiveMessage(RemoteTestRunnerClient.java:375)
	at org.eclipse.jdt.internal.junit.model.RemoteTestRunnerClient.access$27(RemoteTestRunnerClient.java:374)
	at org.eclipse.jdt.internal.junit.model.RemoteTestRunnerClient$ServerConnection.run(RemoteTestRunnerClient.java:272)

!ENTRY org.eclipse.jdt.junit.core 4 4 2017-06-27 12:13:19.849
!MESSAGE Error
!STACK 0
java.lang.Exception: Unexpected TestElement type for testId '3': TestSuite: Scenario: As a user I launch ustwo sample app : Completed - Error (3)
	at org.eclipse.jdt.internal.junit.model.TestRunSession$TestSessionNotifier.logUnexpectedTest(TestRunSession.java:737)
	at org.eclipse.jdt.internal.junit.model.TestRunSession$TestSessionNotifier.testEnded(TestRunSession.java:667)
	at org.eclipse.jdt.internal.junit.model.RemoteTestRunnerClient$4.run(RemoteTestRunnerClient.java:521)
	at org.eclipse.core.runtime.SafeRunner.run(SafeRunner.java:42)
	at org.eclipse.jdt.internal.junit.model.RemoteTestRunnerClient.notifyTestEnded(RemoteTestRunnerClient.java:518)
	at org.eclipse.jdt.internal.junit.model.RemoteTestRunnerClient.access$7(RemoteTestRunnerClient.java:513)
	at org.eclipse.jdt.internal.junit.model.RemoteTestRunnerClient$DefaultProcessingState.readMessage(RemoteTestRunnerClient.java:91)
	at org.eclipse.jdt.internal.junit.model.RemoteTestRunnerClient.receiveMessage(RemoteTestRunnerClient.java:375)
	at org.eclipse.jdt.internal.junit.model.RemoteTestRunnerClient.access$27(RemoteTestRunnerClient.java:374)
	at org.eclipse.jdt.internal.junit.model.RemoteTestRunnerClient$ServerConnection.run(RemoteTestRunnerClient.java:272)

!ENTRY org.eclipse.jdt.junit.core 4 4 2017-06-27 12:13:19.878
!MESSAGE Error
!STACK 0
java.lang.Exception: Unexpected TestElement type for testId '8': TestSuite: Scenario: As a user I navigate from homepage to details page : Not Started - Undefined (3)
	at org.eclipse.jdt.internal.junit.model.TestRunSession$TestSessionNotifier.logUnexpectedTest(TestRunSession.java:737)
	at org.eclipse.jdt.internal.junit.model.TestRunSession$TestSessionNotifier.testStarted(TestRunSession.java:641)
	at org.eclipse.jdt.internal.junit.model.RemoteTestRunnerClient$5.run(RemoteTestRunnerClient.java:535)
	at org.eclipse.core.runtime.SafeRunner.run(SafeRunner.java:42)
	at org.eclipse.jdt.internal.junit.model.RemoteTestRunnerClient.notifyTestStarted(RemoteTestRunnerClient.java:532)
	at org.eclipse.jdt.internal.junit.model.RemoteTestRunnerClient.access$6(RemoteTestRunnerClient.java:527)
	at org.eclipse.jdt.internal.junit.model.RemoteTestRunnerClient$DefaultProcessingState.readMessage(RemoteTestRunnerClient.java:87)
	at org.eclipse.jdt.internal.junit.model.RemoteTestRunnerClient.receiveMessage(RemoteTestRunnerClient.java:375)
	at org.eclipse.jdt.internal.junit.model.RemoteTestRunnerClient.access$27(RemoteTestRunnerClient.java:374)
	at org.eclipse.jdt.internal.junit.model.RemoteTestRunnerClient$ServerConnection.run(RemoteTestRunnerClient.java:272)

!ENTRY org.eclipse.jdt.junit.core 4 4 2017-06-27 12:13:19.911
!MESSAGE Error
!STACK 0
java.lang.Exception: Unexpected TestElement type for testId '8': TestSuite: Scenario: As a user I navigate from homepage to details page : Completed - Error (3)
	at org.eclipse.jdt.internal.junit.model.TestRunSession$TestSessionNotifier.logUnexpectedTest(TestRunSession.java:737)
	at org.eclipse.jdt.internal.junit.model.TestRunSession$TestSessionNotifier.testEnded(TestRunSession.java:667)
	at org.eclipse.jdt.internal.junit.model.RemoteTestRunnerClient$4.run(RemoteTestRunnerClient.java:521)
	at org.eclipse.core.runtime.SafeRunner.run(SafeRunner.java:42)
	at org.eclipse.jdt.internal.junit.model.RemoteTestRunnerClient.notifyTestEnded(RemoteTestRunnerClient.java:518)
	at org.eclipse.jdt.internal.junit.model.RemoteTestRunnerClient.access$7(RemoteTestRunnerClient.java:513)
	at org.eclipse.jdt.internal.junit.model.RemoteTestRunnerClient$DefaultProcessingState.readMessage(RemoteTestRunnerClient.java:91)
	at org.eclipse.jdt.internal.junit.model.RemoteTestRunnerClient.receiveMessage(RemoteTestRunnerClient.java:375)
	at org.eclipse.jdt.internal.junit.model.RemoteTestRunnerClient.access$27(RemoteTestRunnerClient.java:374)
	at org.eclipse.jdt.internal.junit.model.RemoteTestRunnerClient$ServerConnection.run(RemoteTestRunnerClient.java:272)

!ENTRY org.eclipse.jdt.junit.core 4 4 2017-06-27 12:13:28.731
!MESSAGE Error
!STACK 0
java.lang.Exception: Unexpected TestElement type for testId '8': TestSuite: Scenario: As a user I navigate from homepage to details page : Completed - OK (3)
	at org.eclipse.jdt.internal.junit.model.TestRunSession$TestSessionNotifier.logUnexpectedTest(TestRunSession.java:737)
	at org.eclipse.jdt.internal.junit.model.TestRunSession$TestSessionNotifier.testEnded(TestRunSession.java:667)
	at org.eclipse.jdt.internal.junit.model.RemoteTestRunnerClient$4.run(RemoteTestRunnerClient.java:521)
	at org.eclipse.core.runtime.SafeRunner.run(SafeRunner.java:42)
	at org.eclipse.jdt.internal.junit.model.RemoteTestRunnerClient.notifyTestEnded(RemoteTestRunnerClient.java:518)
	at org.eclipse.jdt.internal.junit.model.RemoteTestRunnerClient.access$7(RemoteTestRunnerClient.java:513)
	at org.eclipse.jdt.internal.junit.model.RemoteTestRunnerClient$DefaultProcessingState.readMessage(RemoteTestRunnerClient.java:91)
	at org.eclipse.jdt.internal.junit.model.RemoteTestRunnerClient.receiveMessage(RemoteTestRunnerClient.java:375)
	at org.eclipse.jdt.internal.junit.model.RemoteTestRunnerClient.access$27(RemoteTestRunnerClient.java:374)
	at org.eclipse.jdt.internal.junit.model.RemoteTestRunnerClient$ServerConnection.run(RemoteTestRunnerClient.java:272)
!SESSION 2017-06-27 12:13:38.791 -----------------------------------------------
eclipse.buildId=4.4.0.I20140606-1215
java.version=1.8.0_121
java.vendor=Oracle Corporation
BootLoader constants: OS=win32, ARCH=x86_64, WS=win32, NL=en_US
Framework arguments:  -product org.eclipse.epp.package.standard.product
Command-line arguments:  -os win32 -ws win32 -arch x86_64 -product org.eclipse.epp.package.standard.product

!ENTRY org.eclipse.egit.ui 2 0 2017-06-27 12:13:59.530
!MESSAGE Warning: The environment variable HOME is not set. The following directory will be used to store the Git
user global configuration and to define the default location to store repositories: 'C:\Users\Administrator'. If this is
not correct please set the HOME environment variable and restart Eclipse. Otherwise Git for Windows and
EGit might behave differently since they see different configuration options.
This warning can be switched off on the Team > Git > Confirmations and Warnings preference page.

!ENTRY org.eclipse.jdt.junit.core 4 4 2017-06-27 12:14:48.885
!MESSAGE Error
!STACK 0
java.lang.Exception: Unexpected TestElement type for testId '3': TestSuite: Scenario: As a user I launch ustwo sample app : Not Started - Undefined (3)
	at org.eclipse.jdt.internal.junit.model.TestRunSession$TestSessionNotifier.logUnexpectedTest(TestRunSession.java:737)
	at org.eclipse.jdt.internal.junit.model.TestRunSession$TestSessionNotifier.testStarted(TestRunSession.java:641)
	at org.eclipse.jdt.internal.junit.model.RemoteTestRunnerClient$5.run(RemoteTestRunnerClient.java:535)
	at org.eclipse.core.runtime.SafeRunner.run(SafeRunner.java:42)
	at org.eclipse.jdt.internal.junit.model.RemoteTestRunnerClient.notifyTestStarted(RemoteTestRunnerClient.java:532)
	at org.eclipse.jdt.internal.junit.model.RemoteTestRunnerClient.access$6(RemoteTestRunnerClient.java:527)
	at org.eclipse.jdt.internal.junit.model.RemoteTestRunnerClient$DefaultProcessingState.readMessage(RemoteTestRunnerClient.java:87)
	at org.eclipse.jdt.internal.junit.model.RemoteTestRunnerClient.receiveMessage(RemoteTestRunnerClient.java:375)
	at org.eclipse.jdt.internal.junit.model.RemoteTestRunnerClient.access$27(RemoteTestRunnerClient.java:374)
	at org.eclipse.jdt.internal.junit.model.RemoteTestRunnerClient$ServerConnection.run(RemoteTestRunnerClient.java:272)

!ENTRY org.eclipse.jdt.junit.core 4 4 2017-06-27 12:15:26.916
!MESSAGE Error
!STACK 0
java.lang.Exception: Unexpected TestElement type for testId '3': TestSuite: Scenario: As a user I launch ustwo sample app : Completed - OK (3)
	at org.eclipse.jdt.internal.junit.model.TestRunSession$TestSessionNotifier.logUnexpectedTest(TestRunSession.java:737)
	at org.eclipse.jdt.internal.junit.model.TestRunSession$TestSessionNotifier.testEnded(TestRunSession.java:667)
	at org.eclipse.jdt.internal.junit.model.RemoteTestRunnerClient$4.run(RemoteTestRunnerClient.java:521)
	at org.eclipse.core.runtime.SafeRunner.run(SafeRunner.java:42)
	at org.eclipse.jdt.internal.junit.model.RemoteTestRunnerClient.notifyTestEnded(RemoteTestRunnerClient.java:518)
	at org.eclipse.jdt.internal.junit.model.RemoteTestRunnerClient.access$7(RemoteTestRunnerClient.java:513)
	at org.eclipse.jdt.internal.junit.model.RemoteTestRunnerClient$DefaultProcessingState.readMessage(RemoteTestRunnerClient.java:91)
	at org.eclipse.jdt.internal.junit.model.RemoteTestRunnerClient.receiveMessage(RemoteTestRunnerClient.java:375)
	at org.eclipse.jdt.internal.junit.model.RemoteTestRunnerClient.access$27(RemoteTestRunnerClient.java:374)
	at org.eclipse.jdt.internal.junit.model.RemoteTestRunnerClient$ServerConnection.run(RemoteTestRunnerClient.java:272)

!ENTRY org.eclipse.jdt.junit.core 4 4 2017-06-27 12:15:27.051
!MESSAGE Error
!STACK 0
java.lang.Exception: Unexpected TestElement type for testId '8': TestSuite: Scenario: As a user I navigate from homepage to details page : Not Started - Undefined (3)
	at org.eclipse.jdt.internal.junit.model.TestRunSession$TestSessionNotifier.logUnexpectedTest(TestRunSession.java:737)
	at org.eclipse.jdt.internal.junit.model.TestRunSession$TestSessionNotifier.testStarted(TestRunSession.java:641)
	at org.eclipse.jdt.internal.junit.model.RemoteTestRunnerClient$5.run(RemoteTestRunnerClient.java:535)
	at org.eclipse.core.runtime.SafeRunner.run(SafeRunner.java:42)
	at org.eclipse.jdt.internal.junit.model.RemoteTestRunnerClient.notifyTestStarted(RemoteTestRunnerClient.java:532)
	at org.eclipse.jdt.internal.junit.model.RemoteTestRunnerClient.access$6(RemoteTestRunnerClient.java:527)
	at org.eclipse.jdt.internal.junit.model.RemoteTestRunnerClient$DefaultProcessingState.readMessage(RemoteTestRunnerClient.java:87)
	at org.eclipse.jdt.internal.junit.model.RemoteTestRunnerClient.receiveMessage(RemoteTestRunnerClient.java:375)
	at org.eclipse.jdt.internal.junit.model.RemoteTestRunnerClient.access$27(RemoteTestRunnerClient.java:374)
	at org.eclipse.jdt.internal.junit.model.RemoteTestRunnerClient$ServerConnection.run(RemoteTestRunnerClient.java:272)

!ENTRY org.eclipse.jdt.junit.core 4 4 2017-06-27 12:15:40.237
!MESSAGE Error
!STACK 0
java.lang.Exception: Unexpected TestElement type for testId '8': TestSuite: Scenario: As a user I navigate from homepage to details page : Completed - OK (3)
	at org.eclipse.jdt.internal.junit.model.TestRunSession$TestSessionNotifier.logUnexpectedTest(TestRunSession.java:737)
	at org.eclipse.jdt.internal.junit.model.TestRunSession$TestSessionNotifier.testEnded(TestRunSession.java:667)
	at org.eclipse.jdt.internal.junit.model.RemoteTestRunnerClient$4.run(RemoteTestRunnerClient.java:521)
	at org.eclipse.core.runtime.SafeRunner.run(SafeRunner.java:42)
	at org.eclipse.jdt.internal.junit.model.RemoteTestRunnerClient.notifyTestEnded(RemoteTestRunnerClient.java:518)
	at org.eclipse.jdt.internal.junit.model.RemoteTestRunnerClient.access$7(RemoteTestRunnerClient.java:513)
	at org.eclipse.jdt.internal.junit.model.RemoteTestRunnerClient$DefaultProcessingState.readMessage(RemoteTestRunnerClient.java:91)
	at org.eclipse.jdt.internal.junit.model.RemoteTestRunnerClient.receiveMessage(RemoteTestRunnerClient.java:375)
	at org.eclipse.jdt.internal.junit.model.RemoteTestRunnerClient.access$27(RemoteTestRunnerClient.java:374)
	at org.eclipse.jdt.internal.junit.model.RemoteTestRunnerClient$ServerConnection.run(RemoteTestRunnerClient.java:272)

!ENTRY org.eclipse.jdt.junit.core 4 4 2017-06-27 12:28:58.149
!MESSAGE Error
!STACK 0
java.lang.Exception: Unexpected TestElement type for testId '3': TestSuite: Scenario: As a user I launch ustwo sample app : Not Started - Undefined (3)
	at org.eclipse.jdt.internal.junit.model.TestRunSession$TestSessionNotifier.logUnexpectedTest(TestRunSession.java:737)
	at org.eclipse.jdt.internal.junit.model.TestRunSession$TestSessionNotifier.testStarted(TestRunSession.java:641)
	at org.eclipse.jdt.internal.junit.model.RemoteTestRunnerClient$5.run(RemoteTestRunnerClient.java:535)
	at org.eclipse.core.runtime.SafeRunner.run(SafeRunner.java:42)
	at org.eclipse.jdt.internal.junit.model.RemoteTestRunnerClient.notifyTestStarted(RemoteTestRunnerClient.java:532)
	at org.eclipse.jdt.internal.junit.model.RemoteTestRunnerClient.access$6(RemoteTestRunnerClient.java:527)
	at org.eclipse.jdt.internal.junit.model.RemoteTestRunnerClient$DefaultProcessingState.readMessage(RemoteTestRunnerClient.java:87)
	at org.eclipse.jdt.internal.junit.model.RemoteTestRunnerClient.receiveMessage(RemoteTestRunnerClient.java:375)
	at org.eclipse.jdt.internal.junit.model.RemoteTestRunnerClient.access$27(RemoteTestRunnerClient.java:374)
	at org.eclipse.jdt.internal.junit.model.RemoteTestRunnerClient$ServerConnection.run(RemoteTestRunnerClient.java:272)

!ENTRY org.eclipse.jdt.junit.core 4 4 2017-06-27 12:29:43.079
!MESSAGE Error
!STACK 0
java.lang.Exception: Unexpected TestElement type for testId '3': TestSuite: Scenario: As a user I launch ustwo sample app : Completed - OK (3)
	at org.eclipse.jdt.internal.junit.model.TestRunSession$TestSessionNotifier.logUnexpectedTest(TestRunSession.java:737)
	at org.eclipse.jdt.internal.junit.model.TestRunSession$TestSessionNotifier.testEnded(TestRunSession.java:667)
	at org.eclipse.jdt.internal.junit.model.RemoteTestRunnerClient$4.run(RemoteTestRunnerClient.java:521)
	at org.eclipse.core.runtime.SafeRunner.run(SafeRunner.java:42)
	at org.eclipse.jdt.internal.junit.model.RemoteTestRunnerClient.notifyTestEnded(RemoteTestRunnerClient.java:518)
	at org.eclipse.jdt.internal.junit.model.RemoteTestRunnerClient.access$7(RemoteTestRunnerClient.java:513)
	at org.eclipse.jdt.internal.junit.model.RemoteTestRunnerClient$DefaultProcessingState.readMessage(RemoteTestRunnerClient.java:91)
	at org.eclipse.jdt.internal.junit.model.RemoteTestRunnerClient.receiveMessage(RemoteTestRunnerClient.java:375)
	at org.eclipse.jdt.internal.junit.model.RemoteTestRunnerClient.access$27(RemoteTestRunnerClient.java:374)
	at org.eclipse.jdt.internal.junit.model.RemoteTestRunnerClient$ServerConnection.run(RemoteTestRunnerClient.java:272)

!ENTRY org.eclipse.jdt.junit.core 4 4 2017-06-27 12:29:43.198
!MESSAGE Error
!STACK 0
java.lang.Exception: Unexpected TestElement type for testId '8': TestSuite: Scenario: As a user I navigate from homepage to details page : Not Started - Undefined (3)
	at org.eclipse.jdt.internal.junit.model.TestRunSession$TestSessionNotifier.logUnexpectedTest(TestRunSession.java:737)
	at org.eclipse.jdt.internal.junit.model.TestRunSession$TestSessionNotifier.testStarted(TestRunSession.java:641)
	at org.eclipse.jdt.internal.junit.model.RemoteTestRunnerClient$5.run(RemoteTestRunnerClient.java:535)
	at org.eclipse.core.runtime.SafeRunner.run(SafeRunner.java:42)
	at org.eclipse.jdt.internal.junit.model.RemoteTestRunnerClient.notifyTestStarted(RemoteTestRunnerClient.java:532)
	at org.eclipse.jdt.internal.junit.model.RemoteTestRunnerClient.access$6(RemoteTestRunnerClient.java:527)
	at org.eclipse.jdt.internal.junit.model.RemoteTestRunnerClient$DefaultProcessingState.readMessage(RemoteTestRunnerClient.java:87)
	at org.eclipse.jdt.internal.junit.model.RemoteTestRunnerClient.receiveMessage(RemoteTestRunnerClient.java:375)
	at org.eclipse.jdt.internal.junit.model.RemoteTestRunnerClient.access$27(RemoteTestRunnerClient.java:374)
	at org.eclipse.jdt.internal.junit.model.RemoteTestRunnerClient$ServerConnection.run(RemoteTestRunnerClient.java:272)

!ENTRY org.eclipse.jdt.junit.core 4 4 2017-06-27 12:29:56.669
!MESSAGE Error
!STACK 0
java.lang.Exception: Unexpected TestElement type for testId '8': TestSuite: Scenario: As a user I navigate from homepage to details page : Completed - OK (3)
	at org.eclipse.jdt.internal.junit.model.TestRunSession$TestSessionNotifier.logUnexpectedTest(TestRunSession.java:737)
	at org.eclipse.jdt.internal.junit.model.TestRunSession$TestSessionNotifier.testEnded(TestRunSession.java:667)
	at org.eclipse.jdt.internal.junit.model.RemoteTestRunnerClient$4.run(RemoteTestRunnerClient.java:521)
	at org.eclipse.core.runtime.SafeRunner.run(SafeRunner.java:42)
	at org.eclipse.jdt.internal.junit.model.RemoteTestRunnerClient.notifyTestEnded(RemoteTestRunnerClient.java:518)
	at org.eclipse.jdt.internal.junit.model.RemoteTestRunnerClient.access$7(RemoteTestRunnerClient.java:513)
	at org.eclipse.jdt.internal.junit.model.RemoteTestRunnerClient$DefaultProcessingState.readMessage(RemoteTestRunnerClient.java:91)
	at org.eclipse.jdt.internal.junit.model.RemoteTestRunnerClient.receiveMessage(RemoteTestRunnerClient.java:375)
	at org.eclipse.jdt.internal.junit.model.RemoteTestRunnerClient.access$27(RemoteTestRunnerClient.java:374)
	at org.eclipse.jdt.internal.junit.model.RemoteTestRunnerClient$ServerConnection.run(RemoteTestRunnerClient.java:272)

!ENTRY org.eclipse.jdt.junit.core 4 4 2017-06-27 12:31:33.192
!MESSAGE Error
!STACK 0
java.lang.Exception: Unexpected TestElement type for testId '3': TestSuite: Scenario: As a user I launch ustwo sample app : Not Started - Undefined (3)
	at org.eclipse.jdt.internal.junit.model.TestRunSession$TestSessionNotifier.logUnexpectedTest(TestRunSession.java:737)
	at org.eclipse.jdt.internal.junit.model.TestRunSession$TestSessionNotifier.testStarted(TestRunSession.java:641)
	at org.eclipse.jdt.internal.junit.model.RemoteTestRunnerClient$5.run(RemoteTestRunnerClient.java:535)
	at org.eclipse.core.runtime.SafeRunner.run(SafeRunner.java:42)
	at org.eclipse.jdt.internal.junit.model.RemoteTestRunnerClient.notifyTestStarted(RemoteTestRunnerClient.java:532)
	at org.eclipse.jdt.internal.junit.model.RemoteTestRunnerClient.access$6(RemoteTestRunnerClient.java:527)
	at org.eclipse.jdt.internal.junit.model.RemoteTestRunnerClient$DefaultProcessingState.readMessage(RemoteTestRunnerClient.java:87)
	at org.eclipse.jdt.internal.junit.model.RemoteTestRunnerClient.receiveMessage(RemoteTestRunnerClient.java:375)
	at org.eclipse.jdt.internal.junit.model.RemoteTestRunnerClient.access$27(RemoteTestRunnerClient.java:374)
	at org.eclipse.jdt.internal.junit.model.RemoteTestRunnerClient$ServerConnection.run(RemoteTestRunnerClient.java:272)

!ENTRY org.eclipse.jdt.junit.core 4 4 2017-06-27 12:32:20.006
!MESSAGE Error
!STACK 0
java.lang.Exception: Unexpected TestElement type for testId '3': TestSuite: Scenario: As a user I launch ustwo sample app : Completed - OK (3)
	at org.eclipse.jdt.internal.junit.model.TestRunSession$TestSessionNotifier.logUnexpectedTest(TestRunSession.java:737)
	at org.eclipse.jdt.internal.junit.model.TestRunSession$TestSessionNotifier.testEnded(TestRunSession.java:667)
	at org.eclipse.jdt.internal.junit.model.RemoteTestRunnerClient$4.run(RemoteTestRunnerClient.java:521)
	at org.eclipse.core.runtime.SafeRunner.run(SafeRunner.java:42)
	at org.eclipse.jdt.internal.junit.model.RemoteTestRunnerClient.notifyTestEnded(RemoteTestRunnerClient.java:518)
	at org.eclipse.jdt.internal.junit.model.RemoteTestRunnerClient.access$7(RemoteTestRunnerClient.java:513)
	at org.eclipse.jdt.internal.junit.model.RemoteTestRunnerClient$DefaultProcessingState.readMessage(RemoteTestRunnerClient.java:91)
	at org.eclipse.jdt.internal.junit.model.RemoteTestRunnerClient.receiveMessage(RemoteTestRunnerClient.java:375)
	at org.eclipse.jdt.internal.junit.model.RemoteTestRunnerClient.access$27(RemoteTestRunnerClient.java:374)
	at org.eclipse.jdt.internal.junit.model.RemoteTestRunnerClient$ServerConnection.run(RemoteTestRunnerClient.java:272)

!ENTRY org.eclipse.jdt.junit.core 4 4 2017-06-27 12:32:20.039
!MESSAGE Error
!STACK 0
java.lang.Exception: Unexpected TestElement type for testId '8': TestSuite: Scenario: As a user I navigate from homepage to details page : Not Started - Undefined (3)
	at org.eclipse.jdt.internal.junit.model.TestRunSession$TestSessionNotifier.logUnexpectedTest(TestRunSession.java:737)
	at org.eclipse.jdt.internal.junit.model.TestRunSession$TestSessionNotifier.testStarted(TestRunSession.java:641)
	at org.eclipse.jdt.internal.junit.model.RemoteTestRunnerClient$5.run(RemoteTestRunnerClient.java:535)
	at org.eclipse.core.runtime.SafeRunner.run(SafeRunner.java:42)
	at org.eclipse.jdt.internal.junit.model.RemoteTestRunnerClient.notifyTestStarted(RemoteTestRunnerClient.java:532)
	at org.eclipse.jdt.internal.junit.model.RemoteTestRunnerClient.access$6(RemoteTestRunnerClient.java:527)
	at org.eclipse.jdt.internal.junit.model.RemoteTestRunnerClient$DefaultProcessingState.readMessage(RemoteTestRunnerClient.java:87)
	at org.eclipse.jdt.internal.junit.model.RemoteTestRunnerClient.receiveMessage(RemoteTestRunnerClient.java:375)
	at org.eclipse.jdt.internal.junit.model.RemoteTestRunnerClient.access$27(RemoteTestRunnerClient.java:374)
	at org.eclipse.jdt.internal.junit.model.RemoteTestRunnerClient$ServerConnection.run(RemoteTestRunnerClient.java:272)

!ENTRY org.eclipse.jdt.junit.core 4 4 2017-06-27 12:32:37.900
!MESSAGE Error
!STACK 0
java.lang.Exception: Unexpected TestElement type for testId '8': TestSuite: Scenario: As a user I navigate from homepage to details page : Completed - OK (3)
	at org.eclipse.jdt.internal.junit.model.TestRunSession$TestSessionNotifier.logUnexpectedTest(TestRunSession.java:737)
	at org.eclipse.jdt.internal.junit.model.TestRunSession$TestSessionNotifier.testEnded(TestRunSession.java:667)
	at org.eclipse.jdt.internal.junit.model.RemoteTestRunnerClient$4.run(RemoteTestRunnerClient.java:521)
	at org.eclipse.core.runtime.SafeRunner.run(SafeRunner.java:42)
	at org.eclipse.jdt.internal.junit.model.RemoteTestRunnerClient.notifyTestEnded(RemoteTestRunnerClient.java:518)
	at org.eclipse.jdt.internal.junit.model.RemoteTestRunnerClient.access$7(RemoteTestRunnerClient.java:513)
	at org.eclipse.jdt.internal.junit.model.RemoteTestRunnerClient$DefaultProcessingState.readMessage(RemoteTestRunnerClient.java:91)
	at org.eclipse.jdt.internal.junit.model.RemoteTestRunnerClient.receiveMessage(RemoteTestRunnerClient.java:375)
	at org.eclipse.jdt.internal.junit.model.RemoteTestRunnerClient.access$27(RemoteTestRunnerClient.java:374)
	at org.eclipse.jdt.internal.junit.model.RemoteTestRunnerClient$ServerConnection.run(RemoteTestRunnerClient.java:272)

!ENTRY org.eclipse.wst.common.project.facet.core 4 0 2017-06-27 12:45:14.300
!MESSAGE Project facet axis2.core has not been defined. It is used in plugin org.eclipse.jst.ws.cxf.core.
!SESSION 2017-06-28 05:06:38.379 -----------------------------------------------
eclipse.buildId=4.4.0.I20140606-1215
java.version=1.8.0_121
java.vendor=Oracle Corporation
BootLoader constants: OS=win32, ARCH=x86_64, WS=win32, NL=en_US
Framework arguments:  -product org.eclipse.epp.package.standard.product
Command-line arguments:  -os win32 -ws win32 -arch x86_64 -product org.eclipse.epp.package.standard.product

!ENTRY org.eclipse.egit.ui 2 0 2017-06-28 05:08:50.238
!MESSAGE Warning: The environment variable HOME is not set. The following directory will be used to store the Git
user global configuration and to define the default location to store repositories: 'C:\Users\Administrator'. If this is
not correct please set the HOME environment variable and restart Eclipse. Otherwise Git for Windows and
EGit might behave differently since they see different configuration options.
This warning can be switched off on the Team > Git > Confirmations and Warnings preference page.

!ENTRY org.eclipse.wst.common.project.facet.core 4 0 2017-06-28 05:09:51.330
!MESSAGE Project facet axis2.core has not been defined. It is used in plugin org.eclipse.jst.ws.cxf.core.
!SESSION 2017-06-28 05:10:27.207 -----------------------------------------------
eclipse.buildId=4.4.0.I20140606-1215
java.version=1.8.0_121
java.vendor=Oracle Corporation
BootLoader constants: OS=win32, ARCH=x86_64, WS=win32, NL=en_US
Framework arguments:  -product org.eclipse.epp.package.standard.product
Command-line arguments:  -os win32 -ws win32 -arch x86_64 -product org.eclipse.epp.package.standard.product

!ENTRY org.eclipse.egit.ui 2 0 2017-06-28 05:10:42.648
!MESSAGE Warning: The environment variable HOME is not set. The following directory will be used to store the Git
user global configuration and to define the default location to store repositories: 'C:\Users\Administrator'. If this is
not correct please set the HOME environment variable and restart Eclipse. Otherwise Git for Windows and
EGit might behave differently since they see different configuration options.
This warning can be switched off on the Team > Git > Confirmations and Warnings preference page.
!SESSION 2017-06-28 05:14:18.049 -----------------------------------------------
eclipse.buildId=4.4.0.I20140606-1215
java.version=1.8.0_121
java.vendor=Oracle Corporation
BootLoader constants: OS=win32, ARCH=x86_64, WS=win32, NL=en_US
Framework arguments:  -product org.eclipse.epp.package.standard.product
Command-line arguments:  -os win32 -ws win32 -arch x86_64 -product org.eclipse.epp.package.standard.product

!ENTRY org.eclipse.egit.ui 2 0 2017-06-28 05:14:35.969
!MESSAGE Warning: The environment variable HOME is not set. The following directory will be used to store the Git
user global configuration and to define the default location to store repositories: 'C:\Users\Administrator'. If this is
not correct please set the HOME environment variable and restart Eclipse. Otherwise Git for Windows and
EGit might behave differently since they see different configuration options.
This warning can be switched off on the Team > Git > Confirmations and Warnings preference page.

!ENTRY org.eclipse.jdt.junit.core 4 4 2017-06-28 05:14:53.975
!MESSAGE Error
!STACK 0
java.lang.Exception: Unexpected TestElement type for testId '3': TestSuite: Scenario: As a user I launch github sample app : Not Started - Undefined (3)
	at org.eclipse.jdt.internal.junit.model.TestRunSession$TestSessionNotifier.logUnexpectedTest(TestRunSession.java:737)
	at org.eclipse.jdt.internal.junit.model.TestRunSession$TestSessionNotifier.testStarted(TestRunSession.java:641)
	at org.eclipse.jdt.internal.junit.model.RemoteTestRunnerClient$5.run(RemoteTestRunnerClient.java:535)
	at org.eclipse.core.runtime.SafeRunner.run(SafeRunner.java:42)
	at org.eclipse.jdt.internal.junit.model.RemoteTestRunnerClient.notifyTestStarted(RemoteTestRunnerClient.java:532)
	at org.eclipse.jdt.internal.junit.model.RemoteTestRunnerClient.access$6(RemoteTestRunnerClient.java:527)
	at org.eclipse.jdt.internal.junit.model.RemoteTestRunnerClient$DefaultProcessingState.readMessage(RemoteTestRunnerClient.java:87)
	at org.eclipse.jdt.internal.junit.model.RemoteTestRunnerClient.receiveMessage(RemoteTestRunnerClient.java:375)
	at org.eclipse.jdt.internal.junit.model.RemoteTestRunnerClient.access$27(RemoteTestRunnerClient.java:374)
	at org.eclipse.jdt.internal.junit.model.RemoteTestRunnerClient$ServerConnection.run(RemoteTestRunnerClient.java:272)

!ENTRY org.eclipse.jdt.junit.core 4 4 2017-06-28 05:14:57.059
!MESSAGE Error
!STACK 0
java.lang.Exception: Unexpected TestElement type for testId '3': TestSuite: Scenario: As a user I launch github sample app : Completed - Error (3)
	at org.eclipse.jdt.internal.junit.model.TestRunSession$TestSessionNotifier.logUnexpectedTest(TestRunSession.java:737)
	at org.eclipse.jdt.internal.junit.model.TestRunSession$TestSessionNotifier.testEnded(TestRunSession.java:667)
	at org.eclipse.jdt.internal.junit.model.RemoteTestRunnerClient$4.run(RemoteTestRunnerClient.java:521)
	at org.eclipse.core.runtime.SafeRunner.run(SafeRunner.java:42)
	at org.eclipse.jdt.internal.junit.model.RemoteTestRunnerClient.notifyTestEnded(RemoteTestRunnerClient.java:518)
	at org.eclipse.jdt.internal.junit.model.RemoteTestRunnerClient.access$7(RemoteTestRunnerClient.java:513)
	at org.eclipse.jdt.internal.junit.model.RemoteTestRunnerClient$DefaultProcessingState.readMessage(RemoteTestRunnerClient.java:91)
	at org.eclipse.jdt.internal.junit.model.RemoteTestRunnerClient.receiveMessage(RemoteTestRunnerClient.java:375)
	at org.eclipse.jdt.internal.junit.model.RemoteTestRunnerClient.access$27(RemoteTestRunnerClient.java:374)
	at org.eclipse.jdt.internal.junit.model.RemoteTestRunnerClient$ServerConnection.run(RemoteTestRunnerClient.java:272)

!ENTRY org.eclipse.jdt.junit.core 4 4 2017-06-28 05:14:57.084
!MESSAGE Error
!STACK 0
java.lang.Exception: Unexpected TestElement type for testId '8': TestSuite: Scenario: As a user I navigate from homepage to details page : Not Started - Undefined (3)
	at org.eclipse.jdt.internal.junit.model.TestRunSession$TestSessionNotifier.logUnexpectedTest(TestRunSession.java:737)
	at org.eclipse.jdt.internal.junit.model.TestRunSession$TestSessionNotifier.testStarted(TestRunSession.java:641)
	at org.eclipse.jdt.internal.junit.model.RemoteTestRunnerClient$5.run(RemoteTestRunnerClient.java:535)
	at org.eclipse.core.runtime.SafeRunner.run(SafeRunner.java:42)
	at org.eclipse.jdt.internal.junit.model.RemoteTestRunnerClient.notifyTestStarted(RemoteTestRunnerClient.java:532)
	at org.eclipse.jdt.internal.junit.model.RemoteTestRunnerClient.access$6(RemoteTestRunnerClient.java:527)
	at org.eclipse.jdt.internal.junit.model.RemoteTestRunnerClient$DefaultProcessingState.readMessage(RemoteTestRunnerClient.java:87)
	at org.eclipse.jdt.internal.junit.model.RemoteTestRunnerClient.receiveMessage(RemoteTestRunnerClient.java:375)
	at org.eclipse.jdt.internal.junit.model.RemoteTestRunnerClient.access$27(RemoteTestRunnerClient.java:374)
	at org.eclipse.jdt.internal.junit.model.RemoteTestRunnerClient$ServerConnection.run(RemoteTestRunnerClient.java:272)

!ENTRY org.eclipse.jdt.junit.core 4 4 2017-06-28 05:14:58.185
!MESSAGE Error
!STACK 0
java.lang.Exception: Unexpected TestElement type for testId '8': TestSuite: Scenario: As a user I navigate from homepage to details page : Completed - Error (3)
	at org.eclipse.jdt.internal.junit.model.TestRunSession$TestSessionNotifier.logUnexpectedTest(TestRunSession.java:737)
	at org.eclipse.jdt.internal.junit.model.TestRunSession$TestSessionNotifier.testEnded(TestRunSession.java:667)
	at org.eclipse.jdt.internal.junit.model.RemoteTestRunnerClient$4.run(RemoteTestRunnerClient.java:521)
	at org.eclipse.core.runtime.SafeRunner.run(SafeRunner.java:42)
	at org.eclipse.jdt.internal.junit.model.RemoteTestRunnerClient.notifyTestEnded(RemoteTestRunnerClient.java:518)
	at org.eclipse.jdt.internal.junit.model.RemoteTestRunnerClient.access$7(RemoteTestRunnerClient.java:513)
	at org.eclipse.jdt.internal.junit.model.RemoteTestRunnerClient$DefaultProcessingState.readMessage(RemoteTestRunnerClient.java:91)
	at org.eclipse.jdt.internal.junit.model.RemoteTestRunnerClient.receiveMessage(RemoteTestRunnerClient.java:375)
	at org.eclipse.jdt.internal.junit.model.RemoteTestRunnerClient.access$27(RemoteTestRunnerClient.java:374)
	at org.eclipse.jdt.internal.junit.model.RemoteTestRunnerClient$ServerConnection.run(RemoteTestRunnerClient.java:272)

!ENTRY org.eclipse.jdt.junit.core 4 4 2017-06-28 05:15:46.897
!MESSAGE Error
!STACK 0
java.lang.Exception: Unexpected TestElement type for testId '3': TestSuite: Scenario: As a user I launch github sample app : Not Started - Undefined (3)
	at org.eclipse.jdt.internal.junit.model.TestRunSession$TestSessionNotifier.logUnexpectedTest(TestRunSession.java:737)
	at org.eclipse.jdt.internal.junit.model.TestRunSession$TestSessionNotifier.testStarted(TestRunSession.java:641)
	at org.eclipse.jdt.internal.junit.model.RemoteTestRunnerClient$5.run(RemoteTestRunnerClient.java:535)
	at org.eclipse.core.runtime.SafeRunner.run(SafeRunner.java:42)
	at org.eclipse.jdt.internal.junit.model.RemoteTestRunnerClient.notifyTestStarted(RemoteTestRunnerClient.java:532)
	at org.eclipse.jdt.internal.junit.model.RemoteTestRunnerClient.access$6(RemoteTestRunnerClient.java:527)
	at org.eclipse.jdt.internal.junit.model.RemoteTestRunnerClient$DefaultProcessingState.readMessage(RemoteTestRunnerClient.java:87)
	at org.eclipse.jdt.internal.junit.model.RemoteTestRunnerClient.receiveMessage(RemoteTestRunnerClient.java:375)
	at org.eclipse.jdt.internal.junit.model.RemoteTestRunnerClient.access$27(RemoteTestRunnerClient.java:374)
	at org.eclipse.jdt.internal.junit.model.RemoteTestRunnerClient$ServerConnection.run(RemoteTestRunnerClient.java:272)

!ENTRY org.eclipse.jdt.junit.core 4 4 2017-06-28 05:15:46.929
!MESSAGE Error
!STACK 0
java.lang.Exception: Unexpected TestElement type for testId '3': TestSuite: Scenario: As a user I launch github sample app : Completed - OK (3)
	at org.eclipse.jdt.internal.junit.model.TestRunSession$TestSessionNotifier.logUnexpectedTest(TestRunSession.java:737)
	at org.eclipse.jdt.internal.junit.model.TestRunSession$TestSessionNotifier.testStarted(TestRunSession.java:641)
	at org.eclipse.jdt.internal.junit.model.RemoteTestRunnerClient$5.run(RemoteTestRunnerClient.java:535)
	at org.eclipse.core.runtime.SafeRunner.run(SafeRunner.java:42)
	at org.eclipse.jdt.internal.junit.model.RemoteTestRunnerClient.notifyTestStarted(RemoteTestRunnerClient.java:532)
	at org.eclipse.jdt.internal.junit.model.RemoteTestRunnerClient.access$6(RemoteTestRunnerClient.java:527)
	at org.eclipse.jdt.internal.junit.model.RemoteTestRunnerClient$DefaultProcessingState.readMessage(RemoteTestRunnerClient.java:87)
	at org.eclipse.jdt.internal.junit.model.RemoteTestRunnerClient.receiveMessage(RemoteTestRunnerClient.java:375)
	at org.eclipse.jdt.internal.junit.model.RemoteTestRunnerClient.access$27(RemoteTestRunnerClient.java:374)
	at org.eclipse.jdt.internal.junit.model.RemoteTestRunnerClient$ServerConnection.run(RemoteTestRunnerClient.java:272)

!ENTRY org.eclipse.jdt.junit.core 4 4 2017-06-28 05:15:46.966
!MESSAGE Error
!STACK 0
java.lang.Exception: Unexpected TestElement type for testId '3': TestSuite: Scenario: As a user I launch github sample app : Completed - OK (3)
	at org.eclipse.jdt.internal.junit.model.TestRunSession$TestSessionNotifier.logUnexpectedTest(TestRunSession.java:737)
	at org.eclipse.jdt.internal.junit.model.TestRunSession$TestSessionNotifier.testEnded(TestRunSession.java:667)
	at org.eclipse.jdt.internal.junit.model.RemoteTestRunnerClient$4.run(RemoteTestRunnerClient.java:521)
	at org.eclipse.core.runtime.SafeRunner.run(SafeRunner.java:42)
	at org.eclipse.jdt.internal.junit.model.RemoteTestRunnerClient.notifyTestEnded(RemoteTestRunnerClient.java:518)
	at org.eclipse.jdt.internal.junit.model.RemoteTestRunnerClient.access$7(RemoteTestRunnerClient.java:513)
	at org.eclipse.jdt.internal.junit.model.RemoteTestRunnerClient$DefaultProcessingState.readMessage(RemoteTestRunnerClient.java:91)
	at org.eclipse.jdt.internal.junit.model.RemoteTestRunnerClient.receiveMessage(RemoteTestRunnerClient.java:375)
	at org.eclipse.jdt.internal.junit.model.RemoteTestRunnerClient.access$27(RemoteTestRunnerClient.java:374)
	at org.eclipse.jdt.internal.junit.model.RemoteTestRunnerClient$ServerConnection.run(RemoteTestRunnerClient.java:272)

!ENTRY org.eclipse.jdt.junit.core 4 4 2017-06-28 05:15:46.978
!MESSAGE Error
!STACK 0
java.lang.Exception: Unexpected TestElement type for testId '8': TestSuite: Scenario: As a user I navigate from homepage to details page : Not Started - Undefined (3)
	at org.eclipse.jdt.internal.junit.model.TestRunSession$TestSessionNotifier.logUnexpectedTest(TestRunSession.java:737)
	at org.eclipse.jdt.internal.junit.model.TestRunSession$TestSessionNotifier.testStarted(TestRunSession.java:641)
	at org.eclipse.jdt.internal.junit.model.RemoteTestRunnerClient$5.run(RemoteTestRunnerClient.java:535)
	at org.eclipse.core.runtime.SafeRunner.run(SafeRunner.java:42)
	at org.eclipse.jdt.internal.junit.model.RemoteTestRunnerClient.notifyTestStarted(RemoteTestRunnerClient.java:532)
	at org.eclipse.jdt.internal.junit.model.RemoteTestRunnerClient.access$6(RemoteTestRunnerClient.java:527)
	at org.eclipse.jdt.internal.junit.model.RemoteTestRunnerClient$DefaultProcessingState.readMessage(RemoteTestRunnerClient.java:87)
	at org.eclipse.jdt.internal.junit.model.RemoteTestRunnerClient.receiveMessage(RemoteTestRunnerClient.java:375)
	at org.eclipse.jdt.internal.junit.model.RemoteTestRunnerClient.access$27(RemoteTestRunnerClient.java:374)
	at org.eclipse.jdt.internal.junit.model.RemoteTestRunnerClient$ServerConnection.run(RemoteTestRunnerClient.java:272)

!ENTRY org.eclipse.jdt.junit.core 4 4 2017-06-28 05:15:51.186
!MESSAGE Error
!STACK 0
java.lang.Exception: Unexpected TestElement type for testId '8': TestSuite: Scenario: As a user I navigate from homepage to details page : Completed - Error (3)
	at org.eclipse.jdt.internal.junit.model.TestRunSession$TestSessionNotifier.logUnexpectedTest(TestRunSession.java:737)
	at org.eclipse.jdt.internal.junit.model.TestRunSession$TestSessionNotifier.testEnded(TestRunSession.java:667)
	at org.eclipse.jdt.internal.junit.model.RemoteTestRunnerClient$4.run(RemoteTestRunnerClient.java:521)
	at org.eclipse.core.runtime.SafeRunner.run(SafeRunner.java:42)
	at org.eclipse.jdt.internal.junit.model.RemoteTestRunnerClient.notifyTestEnded(RemoteTestRunnerClient.java:518)
	at org.eclipse.jdt.internal.junit.model.RemoteTestRunnerClient.access$7(RemoteTestRunnerClient.java:513)
	at org.eclipse.jdt.internal.junit.model.RemoteTestRunnerClient$DefaultProcessingState.readMessage(RemoteTestRunnerClient.java:91)
	at org.eclipse.jdt.internal.junit.model.RemoteTestRunnerClient.receiveMessage(RemoteTestRunnerClient.java:375)
	at org.eclipse.jdt.internal.junit.model.RemoteTestRunnerClient.access$27(RemoteTestRunnerClient.java:374)
	at org.eclipse.jdt.internal.junit.model.RemoteTestRunnerClient$ServerConnection.run(RemoteTestRunnerClient.java:272)

!ENTRY org.eclipse.wst.common.project.facet.core 4 0 2017-06-28 05:16:33.399
!MESSAGE Project facet axis2.core has not been defined. It is used in plugin org.eclipse.jst.ws.cxf.core.

!ENTRY org.eclipse.jdt.junit.core 4 4 2017-06-28 05:17:56.110
!MESSAGE Error
!STACK 0
java.lang.Exception: Unexpected TestElement type for testId '3': TestSuite: Scenario: As a user I launch github sample app : Not Started - Undefined (3)
	at org.eclipse.jdt.internal.junit.model.TestRunSession$TestSessionNotifier.logUnexpectedTest(TestRunSession.java:737)
	at org.eclipse.jdt.internal.junit.model.TestRunSession$TestSessionNotifier.testStarted(TestRunSession.java:641)
	at org.eclipse.jdt.internal.junit.model.RemoteTestRunnerClient$5.run(RemoteTestRunnerClient.java:535)
	at org.eclipse.core.runtime.SafeRunner.run(SafeRunner.java:42)
	at org.eclipse.jdt.internal.junit.model.RemoteTestRunnerClient.notifyTestStarted(RemoteTestRunnerClient.java:532)
	at org.eclipse.jdt.internal.junit.model.RemoteTestRunnerClient.access$6(RemoteTestRunnerClient.java:527)
	at org.eclipse.jdt.internal.junit.model.RemoteTestRunnerClient$DefaultProcessingState.readMessage(RemoteTestRunnerClient.java:87)
	at org.eclipse.jdt.internal.junit.model.RemoteTestRunnerClient.receiveMessage(RemoteTestRunnerClient.java:375)
	at org.eclipse.jdt.internal.junit.model.RemoteTestRunnerClient.access$27(RemoteTestRunnerClient.java:374)
	at org.eclipse.jdt.internal.junit.model.RemoteTestRunnerClient$ServerConnection.run(RemoteTestRunnerClient.java:272)

!ENTRY org.eclipse.jdt.junit.core 4 4 2017-06-28 05:17:59.413
!MESSAGE Error
!STACK 0
java.lang.Exception: Unexpected TestElement type for testId '3': TestSuite: Scenario: As a user I launch github sample app : Completed - Error (3)
	at org.eclipse.jdt.internal.junit.model.TestRunSession$TestSessionNotifier.logUnexpectedTest(TestRunSession.java:737)
	at org.eclipse.jdt.internal.junit.model.TestRunSession$TestSessionNotifier.testEnded(TestRunSession.java:667)
	at org.eclipse.jdt.internal.junit.model.RemoteTestRunnerClient$4.run(RemoteTestRunnerClient.java:521)
	at org.eclipse.core.runtime.SafeRunner.run(SafeRunner.java:42)
	at org.eclipse.jdt.internal.junit.model.RemoteTestRunnerClient.notifyTestEnded(RemoteTestRunnerClient.java:518)
	at org.eclipse.jdt.internal.junit.model.RemoteTestRunnerClient.access$7(RemoteTestRunnerClient.java:513)
	at org.eclipse.jdt.internal.junit.model.RemoteTestRunnerClient$DefaultProcessingState.readMessage(RemoteTestRunnerClient.java:91)
	at org.eclipse.jdt.internal.junit.model.RemoteTestRunnerClient.receiveMessage(RemoteTestRunnerClient.java:375)
	at org.eclipse.jdt.internal.junit.model.RemoteTestRunnerClient.access$27(RemoteTestRunnerClient.java:374)
	at org.eclipse.jdt.internal.junit.model.RemoteTestRunnerClient$ServerConnection.run(RemoteTestRunnerClient.java:272)

!ENTRY org.eclipse.jdt.junit.core 4 4 2017-06-28 05:17:59.424
!MESSAGE Error
!STACK 0
java.lang.Exception: Unexpected TestElement type for testId '8': TestSuite: Scenario: As a user I navigate from homepage to details page : Not Started - Undefined (3)
	at org.eclipse.jdt.internal.junit.model.TestRunSession$TestSessionNotifier.logUnexpectedTest(TestRunSession.java:737)
	at org.eclipse.jdt.internal.junit.model.TestRunSession$TestSessionNotifier.testStarted(TestRunSession.java:641)
	at org.eclipse.jdt.internal.junit.model.RemoteTestRunnerClient$5.run(RemoteTestRunnerClient.java:535)
	at org.eclipse.core.runtime.SafeRunner.run(SafeRunner.java:42)
	at org.eclipse.jdt.internal.junit.model.RemoteTestRunnerClient.notifyTestStarted(RemoteTestRunnerClient.java:532)
	at org.eclipse.jdt.internal.junit.model.RemoteTestRunnerClient.access$6(RemoteTestRunnerClient.java:527)
	at org.eclipse.jdt.internal.junit.model.RemoteTestRunnerClient$DefaultProcessingState.readMessage(RemoteTestRunnerClient.java:87)
	at org.eclipse.jdt.internal.junit.model.RemoteTestRunnerClient.receiveMessage(RemoteTestRunnerClient.java:375)
	at org.eclipse.jdt.internal.junit.model.RemoteTestRunnerClient.access$27(RemoteTestRunnerClient.java:374)
	at org.eclipse.jdt.internal.junit.model.RemoteTestRunnerClient$ServerConnection.run(RemoteTestRunnerClient.java:272)

!ENTRY org.eclipse.jdt.junit.core 4 4 2017-06-28 05:18:00.518
!MESSAGE Error
!STACK 0
java.lang.Exception: Unexpected TestElement type for testId '8': TestSuite: Scenario: As a user I navigate from homepage to details page : Completed - Error (3)
	at org.eclipse.jdt.internal.junit.model.TestRunSession$TestSessionNotifier.logUnexpectedTest(TestRunSession.java:737)
	at org.eclipse.jdt.internal.junit.model.TestRunSession$TestSessionNotifier.testEnded(TestRunSession.java:667)
	at org.eclipse.jdt.internal.junit.model.RemoteTestRunnerClient$4.run(RemoteTestRunnerClient.java:521)
	at org.eclipse.core.runtime.SafeRunner.run(SafeRunner.java:42)
	at org.eclipse.jdt.internal.junit.model.RemoteTestRunnerClient.notifyTestEnded(RemoteTestRunnerClient.java:518)
	at org.eclipse.jdt.internal.junit.model.RemoteTestRunnerClient.access$7(RemoteTestRunnerClient.java:513)
	at org.eclipse.jdt.internal.junit.model.RemoteTestRunnerClient$DefaultProcessingState.readMessage(RemoteTestRunnerClient.java:91)
	at org.eclipse.jdt.internal.junit.model.RemoteTestRunnerClient.receiveMessage(RemoteTestRunnerClient.java:375)
	at org.eclipse.jdt.internal.junit.model.RemoteTestRunnerClient.access$27(RemoteTestRunnerClient.java:374)
	at org.eclipse.jdt.internal.junit.model.RemoteTestRunnerClient$ServerConnection.run(RemoteTestRunnerClient.java:272)

!ENTRY org.eclipse.jdt.junit.core 4 4 2017-06-28 05:18:37.271
!MESSAGE Error
!STACK 0
java.lang.Exception: Unexpected TestElement type for testId '3': TestSuite: Scenario: As a user I launch github sample app : Not Started - Undefined (3)
	at org.eclipse.jdt.internal.junit.model.TestRunSession$TestSessionNotifier.logUnexpectedTest(TestRunSession.java:737)
	at org.eclipse.jdt.internal.junit.model.TestRunSession$TestSessionNotifier.testStarted(TestRunSession.java:641)
	at org.eclipse.jdt.internal.junit.model.RemoteTestRunnerClient$5.run(RemoteTestRunnerClient.java:535)
	at org.eclipse.core.runtime.SafeRunner.run(SafeRunner.java:42)
	at org.eclipse.jdt.internal.junit.model.RemoteTestRunnerClient.notifyTestStarted(RemoteTestRunnerClient.java:532)
	at org.eclipse.jdt.internal.junit.model.RemoteTestRunnerClient.access$6(RemoteTestRunnerClient.java:527)
	at org.eclipse.jdt.internal.junit.model.RemoteTestRunnerClient$DefaultProcessingState.readMessage(RemoteTestRunnerClient.java:87)
	at org.eclipse.jdt.internal.junit.model.RemoteTestRunnerClient.receiveMessage(RemoteTestRunnerClient.java:375)
	at org.eclipse.jdt.internal.junit.model.RemoteTestRunnerClient.access$27(RemoteTestRunnerClient.java:374)
	at org.eclipse.jdt.internal.junit.model.RemoteTestRunnerClient$ServerConnection.run(RemoteTestRunnerClient.java:272)

!ENTRY org.eclipse.jdt.junit.core 4 4 2017-06-28 05:18:40.649
!MESSAGE Error
!STACK 0
java.lang.Exception: Unexpected TestElement type for testId '3': TestSuite: Scenario: As a user I launch github sample app : Completed - Error (3)
	at org.eclipse.jdt.internal.junit.model.TestRunSession$TestSessionNotifier.logUnexpectedTest(TestRunSession.java:737)
	at org.eclipse.jdt.internal.junit.model.TestRunSession$TestSessionNotifier.testEnded(TestRunSession.java:667)
	at org.eclipse.jdt.internal.junit.model.RemoteTestRunnerClient$4.run(RemoteTestRunnerClient.java:521)
	at org.eclipse.core.runtime.SafeRunner.run(SafeRunner.java:42)
	at org.eclipse.jdt.internal.junit.model.RemoteTestRunnerClient.notifyTestEnded(RemoteTestRunnerClient.java:518)
	at org.eclipse.jdt.internal.junit.model.RemoteTestRunnerClient.access$7(RemoteTestRunnerClient.java:513)
	at org.eclipse.jdt.internal.junit.model.RemoteTestRunnerClient$DefaultProcessingState.readMessage(RemoteTestRunnerClient.java:91)
	at org.eclipse.jdt.internal.junit.model.RemoteTestRunnerClient.receiveMessage(RemoteTestRunnerClient.java:375)
	at org.eclipse.jdt.internal.junit.model.RemoteTestRunnerClient.access$27(RemoteTestRunnerClient.java:374)
	at org.eclipse.jdt.internal.junit.model.RemoteTestRunnerClient$ServerConnection.run(RemoteTestRunnerClient.java:272)

!ENTRY org.eclipse.jdt.junit.core 4 4 2017-06-28 05:18:40.655
!MESSAGE Error
!STACK 0
java.lang.Exception: Unexpected TestElement type for testId '8': TestSuite: Scenario: As a user I navigate from homepage to details page : Not Started - Undefined (3)
	at org.eclipse.jdt.internal.junit.model.TestRunSession$TestSessionNotifier.logUnexpectedTest(TestRunSession.java:737)
	at org.eclipse.jdt.internal.junit.model.TestRunSession$TestSessionNotifier.testStarted(TestRunSession.java:641)
	at org.eclipse.jdt.internal.junit.model.RemoteTestRunnerClient$5.run(RemoteTestRunnerClient.java:535)
	at org.eclipse.core.runtime.SafeRunner.run(SafeRunner.java:42)
	at org.eclipse.jdt.internal.junit.model.RemoteTestRunnerClient.notifyTestStarted(RemoteTestRunnerClient.java:532)
	at org.eclipse.jdt.internal.junit.model.RemoteTestRunnerClient.access$6(RemoteTestRunnerClient.java:527)
	at org.eclipse.jdt.internal.junit.model.RemoteTestRunnerClient$DefaultProcessingState.readMessage(RemoteTestRunnerClient.java:87)
	at org.eclipse.jdt.internal.junit.model.RemoteTestRunnerClient.receiveMessage(RemoteTestRunnerClient.java:375)
	at org.eclipse.jdt.internal.junit.model.RemoteTestRunnerClient.access$27(RemoteTestRunnerClient.java:374)
	at org.eclipse.jdt.internal.junit.model.RemoteTestRunnerClient$ServerConnection.run(RemoteTestRunnerClient.java:272)

!ENTRY org.eclipse.jdt.junit.core 4 4 2017-06-28 05:18:41.760
!MESSAGE Error
!STACK 0
java.lang.Exception: Unexpected TestElement type for testId '8': TestSuite: Scenario: As a user I navigate from homepage to details page : Completed - Error (3)
	at org.eclipse.jdt.internal.junit.model.TestRunSession$TestSessionNotifier.logUnexpectedTest(TestRunSession.java:737)
	at org.eclipse.jdt.internal.junit.model.TestRunSession$TestSessionNotifier.testEnded(TestRunSession.java:667)
	at org.eclipse.jdt.internal.junit.model.RemoteTestRunnerClient$4.run(RemoteTestRunnerClient.java:521)
	at org.eclipse.core.runtime.SafeRunner.run(SafeRunner.java:42)
	at org.eclipse.jdt.internal.junit.model.RemoteTestRunnerClient.notifyTestEnded(RemoteTestRunnerClient.java:518)
	at org.eclipse.jdt.internal.junit.model.RemoteTestRunnerClient.access$7(RemoteTestRunnerClient.java:513)
	at org.eclipse.jdt.internal.junit.model.RemoteTestRunnerClient$DefaultProcessingState.readMessage(RemoteTestRunnerClient.java:91)
	at org.eclipse.jdt.internal.junit.model.RemoteTestRunnerClient.receiveMessage(RemoteTestRunnerClient.java:375)
	at org.eclipse.jdt.internal.junit.model.RemoteTestRunnerClient.access$27(RemoteTestRunnerClient.java:374)
	at org.eclipse.jdt.internal.junit.model.RemoteTestRunnerClient$ServerConnection.run(RemoteTestRunnerClient.java:272)

!ENTRY org.eclipse.jdt.junit.core 4 4 2017-06-28 05:19:25.636
!MESSAGE Error
!STACK 0
java.lang.Exception: Unexpected TestElement type for testId '3': TestSuite: Scenario: As a user I launch github sample app : Not Started - Undefined (3)
	at org.eclipse.jdt.internal.junit.model.TestRunSession$TestSessionNotifier.logUnexpectedTest(TestRunSession.java:737)
	at org.eclipse.jdt.internal.junit.model.TestRunSession$TestSessionNotifier.testStarted(TestRunSession.java:641)
	at org.eclipse.jdt.internal.junit.model.RemoteTestRunnerClient$5.run(RemoteTestRunnerClient.java:535)
	at org.eclipse.core.runtime.SafeRunner.run(SafeRunner.java:42)
	at org.eclipse.jdt.internal.junit.model.RemoteTestRunnerClient.notifyTestStarted(RemoteTestRunnerClient.java:532)
	at org.eclipse.jdt.internal.junit.model.RemoteTestRunnerClient.access$6(RemoteTestRunnerClient.java:527)
	at org.eclipse.jdt.internal.junit.model.RemoteTestRunnerClient$DefaultProcessingState.readMessage(RemoteTestRunnerClient.java:87)
	at org.eclipse.jdt.internal.junit.model.RemoteTestRunnerClient.receiveMessage(RemoteTestRunnerClient.java:375)
	at org.eclipse.jdt.internal.junit.model.RemoteTestRunnerClient.access$27(RemoteTestRunnerClient.java:374)
	at org.eclipse.jdt.internal.junit.model.RemoteTestRunnerClient$ServerConnection.run(RemoteTestRunnerClient.java:272)

!ENTRY org.eclipse.jdt.junit.core 4 4 2017-06-28 05:20:10.143
!MESSAGE Error
!STACK 0
java.lang.Exception: Unexpected TestElement type for testId '3': TestSuite: Scenario: As a user I launch github sample app : Completed - OK (3)
	at org.eclipse.jdt.internal.junit.model.TestRunSession$TestSessionNotifier.logUnexpectedTest(TestRunSession.java:737)
	at org.eclipse.jdt.internal.junit.model.TestRunSession$TestSessionNotifier.testEnded(TestRunSession.java:667)
	at org.eclipse.jdt.internal.junit.model.RemoteTestRunnerClient$4.run(RemoteTestRunnerClient.java:521)
	at org.eclipse.core.runtime.SafeRunner.run(SafeRunner.java:42)
	at org.eclipse.jdt.internal.junit.model.RemoteTestRunnerClient.notifyTestEnded(RemoteTestRunnerClient.java:518)
	at org.eclipse.jdt.internal.junit.model.RemoteTestRunnerClient.access$7(RemoteTestRunnerClient.java:513)
	at org.eclipse.jdt.internal.junit.model.RemoteTestRunnerClient$DefaultProcessingState.readMessage(RemoteTestRunnerClient.java:91)
	at org.eclipse.jdt.internal.junit.model.RemoteTestRunnerClient.receiveMessage(RemoteTestRunnerClient.java:375)
	at org.eclipse.jdt.internal.junit.model.RemoteTestRunnerClient.access$27(RemoteTestRunnerClient.java:374)
	at org.eclipse.jdt.internal.junit.model.RemoteTestRunnerClient$ServerConnection.run(RemoteTestRunnerClient.java:272)

!ENTRY org.eclipse.jdt.junit.core 4 4 2017-06-28 05:20:10.170
!MESSAGE Error
!STACK 0
java.lang.Exception: Unexpected TestElement type for testId '8': TestSuite: Scenario: As a user I navigate from homepage to details page : Not Started - Undefined (3)
	at org.eclipse.jdt.internal.junit.model.TestRunSession$TestSessionNotifier.logUnexpectedTest(TestRunSession.java:737)
	at org.eclipse.jdt.internal.junit.model.TestRunSession$TestSessionNotifier.testStarted(TestRunSession.java:641)
	at org.eclipse.jdt.internal.junit.model.RemoteTestRunnerClient$5.run(RemoteTestRunnerClient.java:535)
	at org.eclipse.core.runtime.SafeRunner.run(SafeRunner.java:42)
	at org.eclipse.jdt.internal.junit.model.RemoteTestRunnerClient.notifyTestStarted(RemoteTestRunnerClient.java:532)
	at org.eclipse.jdt.internal.junit.model.RemoteTestRunnerClient.access$6(RemoteTestRunnerClient.java:527)
	at org.eclipse.jdt.internal.junit.model.RemoteTestRunnerClient$DefaultProcessingState.readMessage(RemoteTestRunnerClient.java:87)
	at org.eclipse.jdt.internal.junit.model.RemoteTestRunnerClient.receiveMessage(RemoteTestRunnerClient.java:375)
	at org.eclipse.jdt.internal.junit.model.RemoteTestRunnerClient.access$27(RemoteTestRunnerClient.java:374)
	at org.eclipse.jdt.internal.junit.model.RemoteTestRunnerClient$ServerConnection.run(RemoteTestRunnerClient.java:272)

!ENTRY org.eclipse.jdt.junit.core 4 4 2017-06-28 05:20:29.598
!MESSAGE Error
!STACK 0
java.lang.Exception: Unexpected TestElement type for testId '8': TestSuite: Scenario: As a user I navigate from homepage to details page : Completed - OK (3)
	at org.eclipse.jdt.internal.junit.model.TestRunSession$TestSessionNotifier.logUnexpectedTest(TestRunSession.java:737)
	at org.eclipse.jdt.internal.junit.model.TestRunSession$TestSessionNotifier.testEnded(TestRunSession.java:667)
	at org.eclipse.jdt.internal.junit.model.RemoteTestRunnerClient$4.run(RemoteTestRunnerClient.java:521)
	at org.eclipse.core.runtime.SafeRunner.run(SafeRunner.java:42)
	at org.eclipse.jdt.internal.junit.model.RemoteTestRunnerClient.notifyTestEnded(RemoteTestRunnerClient.java:518)
	at org.eclipse.jdt.internal.junit.model.RemoteTestRunnerClient.access$7(RemoteTestRunnerClient.java:513)
	at org.eclipse.jdt.internal.junit.model.RemoteTestRunnerClient$DefaultProcessingState.readMessage(RemoteTestRunnerClient.java:91)
	at org.eclipse.jdt.internal.junit.model.RemoteTestRunnerClient.receiveMessage(RemoteTestRunnerClient.java:375)
	at org.eclipse.jdt.internal.junit.model.RemoteTestRunnerClient.access$27(RemoteTestRunnerClient.java:374)
	at org.eclipse.jdt.internal.junit.model.RemoteTestRunnerClient$ServerConnection.run(RemoteTestRunnerClient.java:272)

!ENTRY org.eclipse.jface 2 0 2017-06-28 05:20:53.347
!MESSAGE Keybinding conflicts occurred.  They may interfere with normal accelerator operation.
!SUBENTRY 1 org.eclipse.jface 2 0 2017-06-28 05:20:53.347
!MESSAGE A conflict occurred for CTRL+/:
Binding(CTRL+/,
	ParameterizedCommand(Command(cucumber.eclipse.editor.toggle.comment,Toggle comment,
		Toggle comment,
		Category(org.eclipse.core.commands.categories.autogenerated,Uncategorized,Commands that were either auto-generated or have no category,true),
		org.eclipse.ui.internal.WorkbenchHandlerServiceHandler@b79953e,
		,,true),null),
	org.eclipse.ui.defaultAcceleratorConfiguration,
	cucumber.eclipse.editor.featureEditorScope,,,system)
Binding(CTRL+/,
	ParameterizedCommand(Command(org.eclipse.jdt.ui.edit.text.java.toggle.comment,Toggle Comment,
		Toggle comment the selected lines,
		Category(org.eclipse.jdt.ui.category.source,Source,Java Source Actions,true),
		org.eclipse.ui.internal.WorkbenchHandlerServiceHandler@7e864a8c,
		,,true),null),
	org.eclipse.ui.defaultAcceleratorConfiguration,
	org.eclipse.jdt.ui.javaEditorScope,,,system)
!SUBENTRY 1 org.eclipse.jface 2 0 2017-06-28 05:20:53.347
!MESSAGE A conflict occurred for CTRL+SHIFT+F:
Binding(CTRL+SHIFT+F,
	ParameterizedCommand(Command(cucumber.eclipse.editor.formmater.pretty_formatter,Pretty format feature file,
		Format,
		Category(cucumber.eclipse.editor.formmtter,Formatter,null,true),
		org.eclipse.ui.internal.WorkbenchHandlerServiceHandler@6c743da,
		,,true),null),
	org.eclipse.ui.defaultAcceleratorConfiguration,
	cucumber.eclipse.editor.featureEditorScope,,,system)
Binding(CTRL+SHIFT+F,
	ParameterizedCommand(Command(org.eclipse.jdt.ui.edit.text.java.format,Format,
		Format the selected text,
		Category(org.eclipse.jdt.ui.category.source,Source,Java Source Actions,true),
		org.eclipse.ui.internal.WorkbenchHandlerServiceHandler@722af653,
		,,true),null),
	org.eclipse.ui.defaultAcceleratorConfiguration,
	org.eclipse.jdt.ui.javaEditorScope,,,system)

!ENTRY org.eclipse.jdt.junit.core 4 4 2017-06-28 05:21:45.758
!MESSAGE Error
!STACK 0
java.lang.Exception: Unexpected TestElement type for testId '3': TestSuite: Scenario: As a user I launch github sample app : Not Started - Undefined (3)
	at org.eclipse.jdt.internal.junit.model.TestRunSession$TestSessionNotifier.logUnexpectedTest(TestRunSession.java:737)
	at org.eclipse.jdt.internal.junit.model.TestRunSession$TestSessionNotifier.testStarted(TestRunSession.java:641)
	at org.eclipse.jdt.internal.junit.model.RemoteTestRunnerClient$5.run(RemoteTestRunnerClient.java:535)
	at org.eclipse.core.runtime.SafeRunner.run(SafeRunner.java:42)
	at org.eclipse.jdt.internal.junit.model.RemoteTestRunnerClient.notifyTestStarted(RemoteTestRunnerClient.java:532)
	at org.eclipse.jdt.internal.junit.model.RemoteTestRunnerClient.access$6(RemoteTestRunnerClient.java:527)
	at org.eclipse.jdt.internal.junit.model.RemoteTestRunnerClient$DefaultProcessingState.readMessage(RemoteTestRunnerClient.java:87)
	at org.eclipse.jdt.internal.junit.model.RemoteTestRunnerClient.receiveMessage(RemoteTestRunnerClient.java:375)
	at org.eclipse.jdt.internal.junit.model.RemoteTestRunnerClient.access$27(RemoteTestRunnerClient.java:374)
	at org.eclipse.jdt.internal.junit.model.RemoteTestRunnerClient$ServerConnection.run(RemoteTestRunnerClient.java:272)

!ENTRY org.eclipse.jdt.junit.core 4 4 2017-06-28 05:22:21.085
!MESSAGE Error
!STACK 0
java.lang.Exception: Unexpected TestElement type for testId '3': TestSuite: Scenario: As a user I launch github sample app : Completed - OK (3)
	at org.eclipse.jdt.internal.junit.model.TestRunSession$TestSessionNotifier.logUnexpectedTest(TestRunSession.java:737)
	at org.eclipse.jdt.internal.junit.model.TestRunSession$TestSessionNotifier.testEnded(TestRunSession.java:667)
	at org.eclipse.jdt.internal.junit.model.RemoteTestRunnerClient$4.run(RemoteTestRunnerClient.java:521)
	at org.eclipse.core.runtime.SafeRunner.run(SafeRunner.java:42)
	at org.eclipse.jdt.internal.junit.model.RemoteTestRunnerClient.notifyTestEnded(RemoteTestRunnerClient.java:518)
	at org.eclipse.jdt.internal.junit.model.RemoteTestRunnerClient.access$7(RemoteTestRunnerClient.java:513)
	at org.eclipse.jdt.internal.junit.model.RemoteTestRunnerClient$DefaultProcessingState.readMessage(RemoteTestRunnerClient.java:91)
	at org.eclipse.jdt.internal.junit.model.RemoteTestRunnerClient.receiveMessage(RemoteTestRunnerClient.java:375)
	at org.eclipse.jdt.internal.junit.model.RemoteTestRunnerClient.access$27(RemoteTestRunnerClient.java:374)
	at org.eclipse.jdt.internal.junit.model.RemoteTestRunnerClient$ServerConnection.run(RemoteTestRunnerClient.java:272)

!ENTRY org.eclipse.jdt.junit.core 4 4 2017-06-28 05:22:21.164
!MESSAGE Error
!STACK 0
java.lang.Exception: Unexpected TestElement type for testId '8': TestSuite: Scenario: As a user I navigate from homepage to details page : Not Started - Undefined (3)
	at org.eclipse.jdt.internal.junit.model.TestRunSession$TestSessionNotifier.logUnexpectedTest(TestRunSession.java:737)
	at org.eclipse.jdt.internal.junit.model.TestRunSession$TestSessionNotifier.testStarted(TestRunSession.java:641)
	at org.eclipse.jdt.internal.junit.model.RemoteTestRunnerClient$5.run(RemoteTestRunnerClient.java:535)
	at org.eclipse.core.runtime.SafeRunner.run(SafeRunner.java:42)
	at org.eclipse.jdt.internal.junit.model.RemoteTestRunnerClient.notifyTestStarted(RemoteTestRunnerClient.java:532)
	at org.eclipse.jdt.internal.junit.model.RemoteTestRunnerClient.access$6(RemoteTestRunnerClient.java:527)
	at org.eclipse.jdt.internal.junit.model.RemoteTestRunnerClient$DefaultProcessingState.readMessage(RemoteTestRunnerClient.java:87)
	at org.eclipse.jdt.internal.junit.model.RemoteTestRunnerClient.receiveMessage(RemoteTestRunnerClient.java:375)
	at org.eclipse.jdt.internal.junit.model.RemoteTestRunnerClient.access$27(RemoteTestRunnerClient.java:374)
	at org.eclipse.jdt.internal.junit.model.RemoteTestRunnerClient$ServerConnection.run(RemoteTestRunnerClient.java:272)

!ENTRY org.eclipse.jdt.junit.core 4 4 2017-06-28 05:22:39.849
!MESSAGE Error
!STACK 0
java.lang.Exception: Unexpected TestElement type for testId '8': TestSuite: Scenario: As a user I navigate from homepage to details page : Completed - OK (3)
	at org.eclipse.jdt.internal.junit.model.TestRunSession$TestSessionNotifier.logUnexpectedTest(TestRunSession.java:737)
	at org.eclipse.jdt.internal.junit.model.TestRunSession$TestSessionNotifier.testEnded(TestRunSession.java:667)
	at org.eclipse.jdt.internal.junit.model.RemoteTestRunnerClient$4.run(RemoteTestRunnerClient.java:521)
	at org.eclipse.core.runtime.SafeRunner.run(SafeRunner.java:42)
	at org.eclipse.jdt.internal.junit.model.RemoteTestRunnerClient.notifyTestEnded(RemoteTestRunnerClient.java:518)
	at org.eclipse.jdt.internal.junit.model.RemoteTestRunnerClient.access$7(RemoteTestRunnerClient.java:513)
	at org.eclipse.jdt.internal.junit.model.RemoteTestRunnerClient$DefaultProcessingState.readMessage(RemoteTestRunnerClient.java:91)
	at org.eclipse.jdt.internal.junit.model.RemoteTestRunnerClient.receiveMessage(RemoteTestRunnerClient.java:375)
	at org.eclipse.jdt.internal.junit.model.RemoteTestRunnerClient.access$27(RemoteTestRunnerClient.java:374)
	at org.eclipse.jdt.internal.junit.model.RemoteTestRunnerClient$ServerConnection.run(RemoteTestRunnerClient.java:272)

!ENTRY org.eclipse.jdt.junit.core 4 4 2017-06-28 05:25:20.782
!MESSAGE Error
!STACK 0
java.lang.Exception: Unexpected TestElement type for testId '3': TestSuite: Scenario: As a user I launch github sample app : Not Started - Undefined (3)
	at org.eclipse.jdt.internal.junit.model.TestRunSession$TestSessionNotifier.logUnexpectedTest(TestRunSession.java:737)
	at org.eclipse.jdt.internal.junit.model.TestRunSession$TestSessionNotifier.testStarted(TestRunSession.java:641)
	at org.eclipse.jdt.internal.junit.model.RemoteTestRunnerClient$5.run(RemoteTestRunnerClient.java:535)
	at org.eclipse.core.runtime.SafeRunner.run(SafeRunner.java:42)
	at org.eclipse.jdt.internal.junit.model.RemoteTestRunnerClient.notifyTestStarted(RemoteTestRunnerClient.java:532)
	at org.eclipse.jdt.internal.junit.model.RemoteTestRunnerClient.access$6(RemoteTestRunnerClient.java:527)
	at org.eclipse.jdt.internal.junit.model.RemoteTestRunnerClient$DefaultProcessingState.readMessage(RemoteTestRunnerClient.java:87)
	at org.eclipse.jdt.internal.junit.model.RemoteTestRunnerClient.receiveMessage(RemoteTestRunnerClient.java:375)
	at org.eclipse.jdt.internal.junit.model.RemoteTestRunnerClient.access$27(RemoteTestRunnerClient.java:374)
	at org.eclipse.jdt.internal.junit.model.RemoteTestRunnerClient$ServerConnection.run(RemoteTestRunnerClient.java:272)

!ENTRY org.eclipse.jdt.junit.core 4 4 2017-06-28 05:25:54.861
!MESSAGE Error
!STACK 0
java.lang.Exception: Unexpected TestElement type for testId '3': TestSuite: Scenario: As a user I launch github sample app : Completed - OK (3)
	at org.eclipse.jdt.internal.junit.model.TestRunSession$TestSessionNotifier.logUnexpectedTest(TestRunSession.java:737)
	at org.eclipse.jdt.internal.junit.model.TestRunSession$TestSessionNotifier.testEnded(TestRunSession.java:667)
	at org.eclipse.jdt.internal.junit.model.RemoteTestRunnerClient$4.run(RemoteTestRunnerClient.java:521)
	at org.eclipse.core.runtime.SafeRunner.run(SafeRunner.java:42)
	at org.eclipse.jdt.internal.junit.model.RemoteTestRunnerClient.notifyTestEnded(RemoteTestRunnerClient.java:518)
	at org.eclipse.jdt.internal.junit.model.RemoteTestRunnerClient.access$7(RemoteTestRunnerClient.java:513)
	at org.eclipse.jdt.internal.junit.model.RemoteTestRunnerClient$DefaultProcessingState.readMessage(RemoteTestRunnerClient.java:91)
	at org.eclipse.jdt.internal.junit.model.RemoteTestRunnerClient.receiveMessage(RemoteTestRunnerClient.java:375)
	at org.eclipse.jdt.internal.junit.model.RemoteTestRunnerClient.access$27(RemoteTestRunnerClient.java:374)
	at org.eclipse.jdt.internal.junit.model.RemoteTestRunnerClient$ServerConnection.run(RemoteTestRunnerClient.java:272)

!ENTRY org.eclipse.jdt.junit.core 4 4 2017-06-28 05:25:54.886
!MESSAGE Error
!STACK 0
java.lang.Exception: Unexpected TestElement type for testId '8': TestSuite: Scenario: As a user I navigate from homepage to details page : Not Started - Undefined (3)
	at org.eclipse.jdt.internal.junit.model.TestRunSession$TestSessionNotifier.logUnexpectedTest(TestRunSession.java:737)
	at org.eclipse.jdt.internal.junit.model.TestRunSession$TestSessionNotifier.testStarted(TestRunSession.java:641)
	at org.eclipse.jdt.internal.junit.model.RemoteTestRunnerClient$5.run(RemoteTestRunnerClient.java:535)
	at org.eclipse.core.runtime.SafeRunner.run(SafeRunner.java:42)
	at org.eclipse.jdt.internal.junit.model.RemoteTestRunnerClient.notifyTestStarted(RemoteTestRunnerClient.java:532)
	at org.eclipse.jdt.internal.junit.model.RemoteTestRunnerClient.access$6(RemoteTestRunnerClient.java:527)
	at org.eclipse.jdt.internal.junit.model.RemoteTestRunnerClient$DefaultProcessingState.readMessage(RemoteTestRunnerClient.java:87)
	at org.eclipse.jdt.internal.junit.model.RemoteTestRunnerClient.receiveMessage(RemoteTestRunnerClient.java:375)
	at org.eclipse.jdt.internal.junit.model.RemoteTestRunnerClient.access$27(RemoteTestRunnerClient.java:374)
	at org.eclipse.jdt.internal.junit.model.RemoteTestRunnerClient$ServerConnection.run(RemoteTestRunnerClient.java:272)

!ENTRY org.eclipse.jdt.junit.core 4 4 2017-06-28 05:26:06.705
!MESSAGE Error
!STACK 0
java.lang.Exception: Unexpected TestElement type for testId '8': TestSuite: Scenario: As a user I navigate from homepage to details page : Completed - OK (3)
	at org.eclipse.jdt.internal.junit.model.TestRunSession$TestSessionNotifier.logUnexpectedTest(TestRunSession.java:737)
	at org.eclipse.jdt.internal.junit.model.TestRunSession$TestSessionNotifier.testEnded(TestRunSession.java:667)
	at org.eclipse.jdt.internal.junit.model.RemoteTestRunnerClient$4.run(RemoteTestRunnerClient.java:521)
	at org.eclipse.core.runtime.SafeRunner.run(SafeRunner.java:42)
	at org.eclipse.jdt.internal.junit.model.RemoteTestRunnerClient.notifyTestEnded(RemoteTestRunnerClient.java:518)
	at org.eclipse.jdt.internal.junit.model.RemoteTestRunnerClient.access$7(RemoteTestRunnerClient.java:513)
	at org.eclipse.jdt.internal.junit.model.RemoteTestRunnerClient$DefaultProcessingState.readMessage(RemoteTestRunnerClient.java:91)
	at org.eclipse.jdt.internal.junit.model.RemoteTestRunnerClient.receiveMessage(RemoteTestRunnerClient.java:375)
	at org.eclipse.jdt.internal.junit.model.RemoteTestRunnerClient.access$27(RemoteTestRunnerClient.java:374)
	at org.eclipse.jdt.internal.junit.model.RemoteTestRunnerClient$ServerConnection.run(RemoteTestRunnerClient.java:272)
